2016-04-23 20:05:16 [::1][-][-][error][yii\web\HttpException:404] exception 'yii\base\InvalidRouteException' with message 'Unable to resolve the request: site/view' in C:\xampp\htdocs\boigalera_\vendor\yiisoft\yii2\base\Controller.php:122
Stack trace:
#0 C:\xampp\htdocs\boigalera_\vendor\yiisoft\yii2\base\Module.php(455): yii\base\Controller->runAction('view', Array)
#1 C:\xampp\htdocs\boigalera_\vendor\yiisoft\yii2\web\Application.php(84): yii\base\Module->runAction('site/view', Array)
#2 C:\xampp\htdocs\boigalera_\vendor\yiisoft\yii2\base\Application.php(375): yii\web\Application->handleRequest(Object(yii\web\Request))
#3 C:\xampp\htdocs\boigalera_\web\index.php(12): yii\base\Application->run()
#4 {main}

Next exception 'yii\web\NotFoundHttpException' with message 'Página não encontrada.' in C:\xampp\htdocs\boigalera_\vendor\yiisoft\yii2\web\Application.php:96
Stack trace:
#0 C:\xampp\htdocs\boigalera_\vendor\yiisoft\yii2\base\Application.php(375): yii\web\Application->handleRequest(Object(yii\web\Request))
#1 C:\xampp\htdocs\boigalera_\web\index.php(12): yii\base\Application->run()
#2 {main}
2016-04-23 20:05:15 [::1][-][-][info][application] $_GET = [
    'r' => 'site/view'
    'idelemento' => '1'
]

$_COOKIE = [
    'G_AUTHUSER_H' => '0'
    'PHPSESSID' => 'dmlijd3ktvtqor20oa8v15lkh1'
    '_identity' => '32739949191ded2ba1fd4a4176c69c6d306f27493df8d1613760e4c28d139a19a:2:{i:0;s:9:\"_identity\";i:1;s:46:\"[8,\"wJILJvCAwtYCoUxFA7sQUwzW-jqmIjNJ\",2592000]\";}'
    '_csrf' => '41623c7aae65e2e24768cf059674600ba73acd7fa525189ea6aae027544d977ca:2:{i:0;s:5:\"_csrf\";i:1;s:32:\"KshfX8Mxn0GD6TLwvtKF73psN9cGN2V_\";}'
]

$_SERVER = [
    'MIBDIRS' => 'C:/xampp/php/extras/mibs'
    'MYSQL_HOME' => '\\xampp\\mysql\\bin'
    'OPENSSL_CONF' => 'C:/xampp/apache/bin/openssl.cnf'
    'PHP_PEAR_SYSCONF_DIR' => '\\xampp\\php'
    'PHPRC' => '\\xampp\\php'
    'TMP' => '\\xampp\\tmp'
    'HTTP_HOST' => 'localhost'
    'HTTP_CONNECTION' => 'keep-alive'
    'HTTP_PRAGMA' => 'no-cache'
    'HTTP_CACHE_CONTROL' => 'no-cache'
    'HTTP_ACCEPT' => 'text/html,application/xhtml+xml,application/xml;q=0.9,image/webp,*/*;q=0.8'
    'HTTP_UPGRADE_INSECURE_REQUESTS' => '1'
    'HTTP_USER_AGENT' => 'Mozilla/5.0 (iPhone; CPU iPhone OS 9_1 like Mac OS X) AppleWebKit/601.1.46 (KHTML, like Gecko) Version/9.0 Mobile/13B143 Safari/601.1'
    'HTTP_REFERER' => 'http://localhost/boigalera_/web/'
    'HTTP_ACCEPT_ENCODING' => 'gzip, deflate, sdch'
    'HTTP_ACCEPT_LANGUAGE' => 'pt-BR,pt;q=0.8,en-US;q=0.6,en;q=0.4'
    'HTTP_COOKIE' => 'G_AUTHUSER_H=0; PHPSESSID=dmlijd3ktvtqor20oa8v15lkh1; _identity=32739949191ded2ba1fd4a4176c69c6d306f27493df8d1613760e4c28d139a19a%3A2%3A%7Bi%3A0%3Bs%3A9%3A%22_identity%22%3Bi%3A1%3Bs%3A46%3A%22%5B8%2C%22wJILJvCAwtYCoUxFA7sQUwzW-jqmIjNJ%22%2C2592000%5D%22%3B%7D; _csrf=41623c7aae65e2e24768cf059674600ba73acd7fa525189ea6aae027544d977ca%3A2%3A%7Bi%3A0%3Bs%3A5%3A%22_csrf%22%3Bi%3A1%3Bs%3A32%3A%22KshfX8Mxn0GD6TLwvtKF73psN9cGN2V_%22%3B%7D'
    'PATH' => 'C:\\Program Files (x86)\\Intel\\iCLS Client\\;C:\\Program Files\\Intel\\iCLS Client\\;C:\\WINDOWS\\system32;C:\\WINDOWS;C:\\WINDOWS\\System32\\Wbem;C:\\WINDOWS\\System32\\WindowsPowerShell\\v1.0\\;C:\\Program Files (x86)\\Intel\\OpenCL SDK\\2.0\\bin\\x86;C:\\Program Files (x86)\\Intel\\OpenCL SDK\\2.0\\bin\\x64;C:\\Program Files\\Intel\\Intel(R) Management Engine Components\\DAL;C:\\Program Files\\Intel\\Intel(R) Management Engine Components\\IPT;C:\\Program Files (x86)\\Intel\\Intel(R) Management Engine Components\\DAL;C:\\Program Files (x86)\\Intel\\Intel(R) Management Engine Components\\IPT;C:\\Program Files (x86)\\Windows Kits\\8.1\\Windows Performance Toolkit\\;C:\\Program Files\\Microsoft SQL Server\\110\\Tools\\Binn\\;C:\\Program Files (x86)\\Microsoft SDKs\\TypeScript\\1.0\\;C:\\Program Files\\Microsoft SQL Server\\120\\Tools\\Binn\\;C:\\xampp\\php;C:\\ProgramData\\ComposerSetup\\bin;C:\\Program Files\\Java\\jdk1.8.0_05;C:\\Program Files (x86)\\Common Files\\Acronis\\SnapAPI\\;C:\\Program Files\\nodejs\\;C:\\WINDOWS\\system32\\config\\systemprofile\\.dnx\\bin;C:\\Program Files\\Microsoft DNX\\Dnvm\\;C:\\Program Files\\Microsoft SQL Server\\130\\Tools\\Binn\\;C:\\Users\\Usuario\\AppData\\Roaming\\npm'
    'SystemRoot' => 'C:\\WINDOWS'
    'COMSPEC' => 'C:\\WINDOWS\\system32\\cmd.exe'
    'PATHEXT' => '.COM;.EXE;.BAT;.CMD;.VBS;.VBE;.JS;.JSE;.WSF;.WSH;.MSC'
    'WINDIR' => 'C:\\WINDOWS'
    'SERVER_SIGNATURE' => '<address>Apache/2.4.12 (Win32) OpenSSL/1.0.1l PHP/5.6.8 Server at localhost Port 80</address>
'
    'SERVER_SOFTWARE' => 'Apache/2.4.12 (Win32) OpenSSL/1.0.1l PHP/5.6.8'
    'SERVER_NAME' => 'localhost'
    'SERVER_ADDR' => '::1'
    'SERVER_PORT' => '80'
    'REMOTE_ADDR' => '::1'
    'DOCUMENT_ROOT' => 'C:/xampp/htdocs'
    'REQUEST_SCHEME' => 'http'
    'CONTEXT_PREFIX' => ''
    'CONTEXT_DOCUMENT_ROOT' => 'C:/xampp/htdocs'
    'SERVER_ADMIN' => 'postmaster@localhost'
    'SCRIPT_FILENAME' => 'C:/xampp/htdocs/boigalera_/web/index.php'
    'REMOTE_PORT' => '51051'
    'GATEWAY_INTERFACE' => 'CGI/1.1'
    'SERVER_PROTOCOL' => 'HTTP/1.1'
    'REQUEST_METHOD' => 'GET'
    'QUERY_STRING' => 'r=site%2Fview&idelemento=1'
    'REQUEST_URI' => '/boigalera_/web/index.php?r=site%2Fview&idelemento=1'
    'SCRIPT_NAME' => '/boigalera_/web/index.php'
    'PHP_SELF' => '/boigalera_/web/index.php'
    'REQUEST_TIME_FLOAT' => 1461434715.919
    'REQUEST_TIME' => 1461434715
]
2016-04-23 20:10:37 [::1][-][-][error][yii\web\HttpException:404] exception 'yii\base\InvalidRouteException' with message 'Unable to resolve the request: site/view' in C:\xampp\htdocs\boigalera_\vendor\yiisoft\yii2\base\Controller.php:122
Stack trace:
#0 C:\xampp\htdocs\boigalera_\vendor\yiisoft\yii2\base\Module.php(455): yii\base\Controller->runAction('view', Array)
#1 C:\xampp\htdocs\boigalera_\vendor\yiisoft\yii2\web\Application.php(84): yii\base\Module->runAction('site/view', Array)
#2 C:\xampp\htdocs\boigalera_\vendor\yiisoft\yii2\base\Application.php(375): yii\web\Application->handleRequest(Object(yii\web\Request))
#3 C:\xampp\htdocs\boigalera_\web\index.php(12): yii\base\Application->run()
#4 {main}

Next exception 'yii\web\NotFoundHttpException' with message 'Página não encontrada.' in C:\xampp\htdocs\boigalera_\vendor\yiisoft\yii2\web\Application.php:96
Stack trace:
#0 C:\xampp\htdocs\boigalera_\vendor\yiisoft\yii2\base\Application.php(375): yii\web\Application->handleRequest(Object(yii\web\Request))
#1 C:\xampp\htdocs\boigalera_\web\index.php(12): yii\base\Application->run()
#2 {main}
2016-04-23 20:10:37 [::1][-][-][info][application] $_GET = [
    'r' => 'site/view'
    'id' => '1'
]

$_COOKIE = [
    'G_AUTHUSER_H' => '0'
    'PHPSESSID' => 'dmlijd3ktvtqor20oa8v15lkh1'
    '_identity' => '32739949191ded2ba1fd4a4176c69c6d306f27493df8d1613760e4c28d139a19a:2:{i:0;s:9:\"_identity\";i:1;s:46:\"[8,\"wJILJvCAwtYCoUxFA7sQUwzW-jqmIjNJ\",2592000]\";}'
    '_csrf' => '7307c6dded5704e46166b6b20267fcd027d3a5faa49373e91e9f076c953647b2a:2:{i:0;s:5:\"_csrf\";i:1;s:32:\"G1TpaY1ksPTEpSCU-z4jTkETUOvG2_0S\";}'
]

$_SERVER = [
    'MIBDIRS' => 'C:/xampp/php/extras/mibs'
    'MYSQL_HOME' => '\\xampp\\mysql\\bin'
    'OPENSSL_CONF' => 'C:/xampp/apache/bin/openssl.cnf'
    'PHP_PEAR_SYSCONF_DIR' => '\\xampp\\php'
    'PHPRC' => '\\xampp\\php'
    'TMP' => '\\xampp\\tmp'
    'HTTP_HOST' => 'localhost'
    'HTTP_CONNECTION' => 'keep-alive'
    'HTTP_ACCEPT' => 'text/html,application/xhtml+xml,application/xml;q=0.9,image/webp,*/*;q=0.8'
    'HTTP_UPGRADE_INSECURE_REQUESTS' => '1'
    'HTTP_USER_AGENT' => 'Mozilla/5.0 (Windows NT 10.0; WOW64) AppleWebKit/537.36 (KHTML, like Gecko) Chrome/49.0.2623.112 Safari/537.36'
    'HTTP_REFERER' => 'http://localhost/boigalera_/web/'
    'HTTP_ACCEPT_ENCODING' => 'gzip, deflate, sdch'
    'HTTP_ACCEPT_LANGUAGE' => 'pt-BR,pt;q=0.8,en-US;q=0.6,en;q=0.4'
    'HTTP_COOKIE' => 'G_AUTHUSER_H=0; PHPSESSID=dmlijd3ktvtqor20oa8v15lkh1; _identity=32739949191ded2ba1fd4a4176c69c6d306f27493df8d1613760e4c28d139a19a%3A2%3A%7Bi%3A0%3Bs%3A9%3A%22_identity%22%3Bi%3A1%3Bs%3A46%3A%22%5B8%2C%22wJILJvCAwtYCoUxFA7sQUwzW-jqmIjNJ%22%2C2592000%5D%22%3B%7D; _csrf=7307c6dded5704e46166b6b20267fcd027d3a5faa49373e91e9f076c953647b2a%3A2%3A%7Bi%3A0%3Bs%3A5%3A%22_csrf%22%3Bi%3A1%3Bs%3A32%3A%22G1TpaY1ksPTEpSCU-z4jTkETUOvG2_0S%22%3B%7D'
    'PATH' => 'C:\\Program Files (x86)\\Intel\\iCLS Client\\;C:\\Program Files\\Intel\\iCLS Client\\;C:\\WINDOWS\\system32;C:\\WINDOWS;C:\\WINDOWS\\System32\\Wbem;C:\\WINDOWS\\System32\\WindowsPowerShell\\v1.0\\;C:\\Program Files (x86)\\Intel\\OpenCL SDK\\2.0\\bin\\x86;C:\\Program Files (x86)\\Intel\\OpenCL SDK\\2.0\\bin\\x64;C:\\Program Files\\Intel\\Intel(R) Management Engine Components\\DAL;C:\\Program Files\\Intel\\Intel(R) Management Engine Components\\IPT;C:\\Program Files (x86)\\Intel\\Intel(R) Management Engine Components\\DAL;C:\\Program Files (x86)\\Intel\\Intel(R) Management Engine Components\\IPT;C:\\Program Files (x86)\\Windows Kits\\8.1\\Windows Performance Toolkit\\;C:\\Program Files\\Microsoft SQL Server\\110\\Tools\\Binn\\;C:\\Program Files (x86)\\Microsoft SDKs\\TypeScript\\1.0\\;C:\\Program Files\\Microsoft SQL Server\\120\\Tools\\Binn\\;C:\\xampp\\php;C:\\ProgramData\\ComposerSetup\\bin;C:\\Program Files\\Java\\jdk1.8.0_05;C:\\Program Files (x86)\\Common Files\\Acronis\\SnapAPI\\;C:\\Program Files\\nodejs\\;C:\\WINDOWS\\system32\\config\\systemprofile\\.dnx\\bin;C:\\Program Files\\Microsoft DNX\\Dnvm\\;C:\\Program Files\\Microsoft SQL Server\\130\\Tools\\Binn\\;C:\\Users\\Usuario\\AppData\\Roaming\\npm'
    'SystemRoot' => 'C:\\WINDOWS'
    'COMSPEC' => 'C:\\WINDOWS\\system32\\cmd.exe'
    'PATHEXT' => '.COM;.EXE;.BAT;.CMD;.VBS;.VBE;.JS;.JSE;.WSF;.WSH;.MSC'
    'WINDIR' => 'C:\\WINDOWS'
    'SERVER_SIGNATURE' => '<address>Apache/2.4.12 (Win32) OpenSSL/1.0.1l PHP/5.6.8 Server at localhost Port 80</address>
'
    'SERVER_SOFTWARE' => 'Apache/2.4.12 (Win32) OpenSSL/1.0.1l PHP/5.6.8'
    'SERVER_NAME' => 'localhost'
    'SERVER_ADDR' => '::1'
    'SERVER_PORT' => '80'
    'REMOTE_ADDR' => '::1'
    'DOCUMENT_ROOT' => 'C:/xampp/htdocs'
    'REQUEST_SCHEME' => 'http'
    'CONTEXT_PREFIX' => ''
    'CONTEXT_DOCUMENT_ROOT' => 'C:/xampp/htdocs'
    'SERVER_ADMIN' => 'postmaster@localhost'
    'SCRIPT_FILENAME' => 'C:/xampp/htdocs/boigalera_/web/index.php'
    'REMOTE_PORT' => '51412'
    'GATEWAY_INTERFACE' => 'CGI/1.1'
    'SERVER_PROTOCOL' => 'HTTP/1.1'
    'REQUEST_METHOD' => 'GET'
    'QUERY_STRING' => 'r=site%2Fview&id=1'
    'REQUEST_URI' => '/boigalera_/web/index.php?r=site%2Fview&id=1'
    'SCRIPT_NAME' => '/boigalera_/web/index.php'
    'PHP_SELF' => '/boigalera_/web/index.php'
    'REQUEST_TIME_FLOAT' => 1461435037.334
    'REQUEST_TIME' => 1461435037
]
2016-04-23 20:15:12 [::1][-][-][error][yii\web\HttpException:404] exception 'yii\base\InvalidRouteException' with message 'Unable to resolve the request: site/view' in C:\xampp\htdocs\boigalera_\vendor\yiisoft\yii2\base\Controller.php:122
Stack trace:
#0 C:\xampp\htdocs\boigalera_\vendor\yiisoft\yii2\base\Module.php(455): yii\base\Controller->runAction('view', Array)
#1 C:\xampp\htdocs\boigalera_\vendor\yiisoft\yii2\web\Application.php(84): yii\base\Module->runAction('site/view', Array)
#2 C:\xampp\htdocs\boigalera_\vendor\yiisoft\yii2\base\Application.php(375): yii\web\Application->handleRequest(Object(yii\web\Request))
#3 C:\xampp\htdocs\boigalera_\web\index.php(12): yii\base\Application->run()
#4 {main}

Next exception 'yii\web\NotFoundHttpException' with message 'Página não encontrada.' in C:\xampp\htdocs\boigalera_\vendor\yiisoft\yii2\web\Application.php:96
Stack trace:
#0 C:\xampp\htdocs\boigalera_\vendor\yiisoft\yii2\base\Application.php(375): yii\web\Application->handleRequest(Object(yii\web\Request))
#1 C:\xampp\htdocs\boigalera_\web\index.php(12): yii\base\Application->run()
#2 {main}
2016-04-23 20:15:12 [::1][-][-][info][application] $_GET = [
    'r' => 'site/view'
    'id' => '1'
]

$_COOKIE = [
    'G_AUTHUSER_H' => '0'
    'PHPSESSID' => 'dmlijd3ktvtqor20oa8v15lkh1'
    '_identity' => '32739949191ded2ba1fd4a4176c69c6d306f27493df8d1613760e4c28d139a19a:2:{i:0;s:9:\"_identity\";i:1;s:46:\"[8,\"wJILJvCAwtYCoUxFA7sQUwzW-jqmIjNJ\",2592000]\";}'
    '_csrf' => '7307c6dded5704e46166b6b20267fcd027d3a5faa49373e91e9f076c953647b2a:2:{i:0;s:5:\"_csrf\";i:1;s:32:\"G1TpaY1ksPTEpSCU-z4jTkETUOvG2_0S\";}'
]

$_SERVER = [
    'MIBDIRS' => 'C:/xampp/php/extras/mibs'
    'MYSQL_HOME' => '\\xampp\\mysql\\bin'
    'OPENSSL_CONF' => 'C:/xampp/apache/bin/openssl.cnf'
    'PHP_PEAR_SYSCONF_DIR' => '\\xampp\\php'
    'PHPRC' => '\\xampp\\php'
    'TMP' => '\\xampp\\tmp'
    'HTTP_HOST' => 'localhost'
    'HTTP_CONNECTION' => 'keep-alive'
    'HTTP_ACCEPT' => 'text/html,application/xhtml+xml,application/xml;q=0.9,image/webp,*/*;q=0.8'
    'HTTP_UPGRADE_INSECURE_REQUESTS' => '1'
    'HTTP_USER_AGENT' => 'Mozilla/5.0 (Windows NT 10.0; WOW64) AppleWebKit/537.36 (KHTML, like Gecko) Chrome/49.0.2623.112 Safari/537.36'
    'HTTP_REFERER' => 'http://localhost/boigalera_/web/'
    'HTTP_ACCEPT_ENCODING' => 'gzip, deflate, sdch'
    'HTTP_ACCEPT_LANGUAGE' => 'pt-BR,pt;q=0.8,en-US;q=0.6,en;q=0.4'
    'HTTP_COOKIE' => 'G_AUTHUSER_H=0; PHPSESSID=dmlijd3ktvtqor20oa8v15lkh1; _identity=32739949191ded2ba1fd4a4176c69c6d306f27493df8d1613760e4c28d139a19a%3A2%3A%7Bi%3A0%3Bs%3A9%3A%22_identity%22%3Bi%3A1%3Bs%3A46%3A%22%5B8%2C%22wJILJvCAwtYCoUxFA7sQUwzW-jqmIjNJ%22%2C2592000%5D%22%3B%7D; _csrf=7307c6dded5704e46166b6b20267fcd027d3a5faa49373e91e9f076c953647b2a%3A2%3A%7Bi%3A0%3Bs%3A5%3A%22_csrf%22%3Bi%3A1%3Bs%3A32%3A%22G1TpaY1ksPTEpSCU-z4jTkETUOvG2_0S%22%3B%7D'
    'PATH' => 'C:\\Program Files (x86)\\Intel\\iCLS Client\\;C:\\Program Files\\Intel\\iCLS Client\\;C:\\WINDOWS\\system32;C:\\WINDOWS;C:\\WINDOWS\\System32\\Wbem;C:\\WINDOWS\\System32\\WindowsPowerShell\\v1.0\\;C:\\Program Files (x86)\\Intel\\OpenCL SDK\\2.0\\bin\\x86;C:\\Program Files (x86)\\Intel\\OpenCL SDK\\2.0\\bin\\x64;C:\\Program Files\\Intel\\Intel(R) Management Engine Components\\DAL;C:\\Program Files\\Intel\\Intel(R) Management Engine Components\\IPT;C:\\Program Files (x86)\\Intel\\Intel(R) Management Engine Components\\DAL;C:\\Program Files (x86)\\Intel\\Intel(R) Management Engine Components\\IPT;C:\\Program Files (x86)\\Windows Kits\\8.1\\Windows Performance Toolkit\\;C:\\Program Files\\Microsoft SQL Server\\110\\Tools\\Binn\\;C:\\Program Files (x86)\\Microsoft SDKs\\TypeScript\\1.0\\;C:\\Program Files\\Microsoft SQL Server\\120\\Tools\\Binn\\;C:\\xampp\\php;C:\\ProgramData\\ComposerSetup\\bin;C:\\Program Files\\Java\\jdk1.8.0_05;C:\\Program Files (x86)\\Common Files\\Acronis\\SnapAPI\\;C:\\Program Files\\nodejs\\;C:\\WINDOWS\\system32\\config\\systemprofile\\.dnx\\bin;C:\\Program Files\\Microsoft DNX\\Dnvm\\;C:\\Program Files\\Microsoft SQL Server\\130\\Tools\\Binn\\;C:\\Users\\Usuario\\AppData\\Roaming\\npm'
    'SystemRoot' => 'C:\\WINDOWS'
    'COMSPEC' => 'C:\\WINDOWS\\system32\\cmd.exe'
    'PATHEXT' => '.COM;.EXE;.BAT;.CMD;.VBS;.VBE;.JS;.JSE;.WSF;.WSH;.MSC'
    'WINDIR' => 'C:\\WINDOWS'
    'SERVER_SIGNATURE' => '<address>Apache/2.4.12 (Win32) OpenSSL/1.0.1l PHP/5.6.8 Server at localhost Port 80</address>
'
    'SERVER_SOFTWARE' => 'Apache/2.4.12 (Win32) OpenSSL/1.0.1l PHP/5.6.8'
    'SERVER_NAME' => 'localhost'
    'SERVER_ADDR' => '::1'
    'SERVER_PORT' => '80'
    'REMOTE_ADDR' => '::1'
    'DOCUMENT_ROOT' => 'C:/xampp/htdocs'
    'REQUEST_SCHEME' => 'http'
    'CONTEXT_PREFIX' => ''
    'CONTEXT_DOCUMENT_ROOT' => 'C:/xampp/htdocs'
    'SERVER_ADMIN' => 'postmaster@localhost'
    'SCRIPT_FILENAME' => 'C:/xampp/htdocs/boigalera_/web/index.php'
    'REMOTE_PORT' => '51429'
    'GATEWAY_INTERFACE' => 'CGI/1.1'
    'SERVER_PROTOCOL' => 'HTTP/1.1'
    'REQUEST_METHOD' => 'GET'
    'QUERY_STRING' => 'r=site%2Fview&id=1'
    'REQUEST_URI' => '/boigalera_/web/index.php?r=site%2Fview&id=1'
    'SCRIPT_NAME' => '/boigalera_/web/index.php'
    'PHP_SELF' => '/boigalera_/web/index.php'
    'REQUEST_TIME_FLOAT' => 1461435312.696
    'REQUEST_TIME' => 1461435312
]
2016-04-23 20:24:06 [::1][-][-][error][yii\web\HttpException:404] exception 'yii\base\InvalidRouteException' with message 'Unable to resolve the request: site/view' in C:\xampp\htdocs\boigalera_\vendor\yiisoft\yii2\base\Controller.php:122
Stack trace:
#0 C:\xampp\htdocs\boigalera_\vendor\yiisoft\yii2\base\Module.php(455): yii\base\Controller->runAction('view', Array)
#1 C:\xampp\htdocs\boigalera_\vendor\yiisoft\yii2\web\Application.php(84): yii\base\Module->runAction('site/view', Array)
#2 C:\xampp\htdocs\boigalera_\vendor\yiisoft\yii2\base\Application.php(375): yii\web\Application->handleRequest(Object(yii\web\Request))
#3 C:\xampp\htdocs\boigalera_\web\index.php(12): yii\base\Application->run()
#4 {main}

Next exception 'yii\web\NotFoundHttpException' with message 'Página não encontrada.' in C:\xampp\htdocs\boigalera_\vendor\yiisoft\yii2\web\Application.php:96
Stack trace:
#0 C:\xampp\htdocs\boigalera_\vendor\yiisoft\yii2\base\Application.php(375): yii\web\Application->handleRequest(Object(yii\web\Request))
#1 C:\xampp\htdocs\boigalera_\web\index.php(12): yii\base\Application->run()
#2 {main}
2016-04-23 20:24:06 [::1][-][-][info][application] $_GET = [
    'r' => 'site/view'
    'id' => '1'
]

$_COOKIE = [
    'G_AUTHUSER_H' => '0'
    'PHPSESSID' => 'dmlijd3ktvtqor20oa8v15lkh1'
    '_identity' => '32739949191ded2ba1fd4a4176c69c6d306f27493df8d1613760e4c28d139a19a:2:{i:0;s:9:\"_identity\";i:1;s:46:\"[8,\"wJILJvCAwtYCoUxFA7sQUwzW-jqmIjNJ\",2592000]\";}'
    '_csrf' => '7307c6dded5704e46166b6b20267fcd027d3a5faa49373e91e9f076c953647b2a:2:{i:0;s:5:\"_csrf\";i:1;s:32:\"G1TpaY1ksPTEpSCU-z4jTkETUOvG2_0S\";}'
]

$_SERVER = [
    'MIBDIRS' => 'C:/xampp/php/extras/mibs'
    'MYSQL_HOME' => '\\xampp\\mysql\\bin'
    'OPENSSL_CONF' => 'C:/xampp/apache/bin/openssl.cnf'
    'PHP_PEAR_SYSCONF_DIR' => '\\xampp\\php'
    'PHPRC' => '\\xampp\\php'
    'TMP' => '\\xampp\\tmp'
    'HTTP_HOST' => 'localhost'
    'HTTP_CONNECTION' => 'keep-alive'
    'HTTP_ACCEPT' => 'text/html,application/xhtml+xml,application/xml;q=0.9,image/webp,*/*;q=0.8'
    'HTTP_UPGRADE_INSECURE_REQUESTS' => '1'
    'HTTP_USER_AGENT' => 'Mozilla/5.0 (Windows NT 10.0; WOW64) AppleWebKit/537.36 (KHTML, like Gecko) Chrome/49.0.2623.112 Safari/537.36'
    'HTTP_REFERER' => 'http://localhost/boigalera_/web/'
    'HTTP_ACCEPT_ENCODING' => 'gzip, deflate, sdch'
    'HTTP_ACCEPT_LANGUAGE' => 'pt-BR,pt;q=0.8,en-US;q=0.6,en;q=0.4'
    'HTTP_COOKIE' => 'G_AUTHUSER_H=0; PHPSESSID=dmlijd3ktvtqor20oa8v15lkh1; _identity=32739949191ded2ba1fd4a4176c69c6d306f27493df8d1613760e4c28d139a19a%3A2%3A%7Bi%3A0%3Bs%3A9%3A%22_identity%22%3Bi%3A1%3Bs%3A46%3A%22%5B8%2C%22wJILJvCAwtYCoUxFA7sQUwzW-jqmIjNJ%22%2C2592000%5D%22%3B%7D; _csrf=7307c6dded5704e46166b6b20267fcd027d3a5faa49373e91e9f076c953647b2a%3A2%3A%7Bi%3A0%3Bs%3A5%3A%22_csrf%22%3Bi%3A1%3Bs%3A32%3A%22G1TpaY1ksPTEpSCU-z4jTkETUOvG2_0S%22%3B%7D'
    'PATH' => 'C:\\Program Files (x86)\\Intel\\iCLS Client\\;C:\\Program Files\\Intel\\iCLS Client\\;C:\\WINDOWS\\system32;C:\\WINDOWS;C:\\WINDOWS\\System32\\Wbem;C:\\WINDOWS\\System32\\WindowsPowerShell\\v1.0\\;C:\\Program Files (x86)\\Intel\\OpenCL SDK\\2.0\\bin\\x86;C:\\Program Files (x86)\\Intel\\OpenCL SDK\\2.0\\bin\\x64;C:\\Program Files\\Intel\\Intel(R) Management Engine Components\\DAL;C:\\Program Files\\Intel\\Intel(R) Management Engine Components\\IPT;C:\\Program Files (x86)\\Intel\\Intel(R) Management Engine Components\\DAL;C:\\Program Files (x86)\\Intel\\Intel(R) Management Engine Components\\IPT;C:\\Program Files (x86)\\Windows Kits\\8.1\\Windows Performance Toolkit\\;C:\\Program Files\\Microsoft SQL Server\\110\\Tools\\Binn\\;C:\\Program Files (x86)\\Microsoft SDKs\\TypeScript\\1.0\\;C:\\Program Files\\Microsoft SQL Server\\120\\Tools\\Binn\\;C:\\xampp\\php;C:\\ProgramData\\ComposerSetup\\bin;C:\\Program Files\\Java\\jdk1.8.0_05;C:\\Program Files (x86)\\Common Files\\Acronis\\SnapAPI\\;C:\\Program Files\\nodejs\\;C:\\WINDOWS\\system32\\config\\systemprofile\\.dnx\\bin;C:\\Program Files\\Microsoft DNX\\Dnvm\\;C:\\Program Files\\Microsoft SQL Server\\130\\Tools\\Binn\\;C:\\Users\\Usuario\\AppData\\Roaming\\npm'
    'SystemRoot' => 'C:\\WINDOWS'
    'COMSPEC' => 'C:\\WINDOWS\\system32\\cmd.exe'
    'PATHEXT' => '.COM;.EXE;.BAT;.CMD;.VBS;.VBE;.JS;.JSE;.WSF;.WSH;.MSC'
    'WINDIR' => 'C:\\WINDOWS'
    'SERVER_SIGNATURE' => '<address>Apache/2.4.12 (Win32) OpenSSL/1.0.1l PHP/5.6.8 Server at localhost Port 80</address>
'
    'SERVER_SOFTWARE' => 'Apache/2.4.12 (Win32) OpenSSL/1.0.1l PHP/5.6.8'
    'SERVER_NAME' => 'localhost'
    'SERVER_ADDR' => '::1'
    'SERVER_PORT' => '80'
    'REMOTE_ADDR' => '::1'
    'DOCUMENT_ROOT' => 'C:/xampp/htdocs'
    'REQUEST_SCHEME' => 'http'
    'CONTEXT_PREFIX' => ''
    'CONTEXT_DOCUMENT_ROOT' => 'C:/xampp/htdocs'
    'SERVER_ADMIN' => 'postmaster@localhost'
    'SCRIPT_FILENAME' => 'C:/xampp/htdocs/boigalera_/web/index.php'
    'REMOTE_PORT' => '51575'
    'GATEWAY_INTERFACE' => 'CGI/1.1'
    'SERVER_PROTOCOL' => 'HTTP/1.1'
    'REQUEST_METHOD' => 'GET'
    'QUERY_STRING' => 'r=site%2Fview&id=1'
    'REQUEST_URI' => '/boigalera_/web/index.php?r=site%2Fview&id=1'
    'SCRIPT_NAME' => '/boigalera_/web/index.php'
    'PHP_SELF' => '/boigalera_/web/index.php'
    'REQUEST_TIME_FLOAT' => 1461435846.622
    'REQUEST_TIME' => 1461435846
]
2016-04-23 20:25:58 [::1][-][-][error][yii\web\HttpException:404] exception 'yii\base\InvalidRouteException' with message 'Unable to resolve the request: site/view' in C:\xampp\htdocs\boigalera_\vendor\yiisoft\yii2\base\Controller.php:122
Stack trace:
#0 C:\xampp\htdocs\boigalera_\vendor\yiisoft\yii2\base\Module.php(455): yii\base\Controller->runAction('view', Array)
#1 C:\xampp\htdocs\boigalera_\vendor\yiisoft\yii2\web\Application.php(84): yii\base\Module->runAction('site/view', Array)
#2 C:\xampp\htdocs\boigalera_\vendor\yiisoft\yii2\base\Application.php(375): yii\web\Application->handleRequest(Object(yii\web\Request))
#3 C:\xampp\htdocs\boigalera_\web\index.php(12): yii\base\Application->run()
#4 {main}

Next exception 'yii\web\NotFoundHttpException' with message 'Página não encontrada.' in C:\xampp\htdocs\boigalera_\vendor\yiisoft\yii2\web\Application.php:96
Stack trace:
#0 C:\xampp\htdocs\boigalera_\vendor\yiisoft\yii2\base\Application.php(375): yii\web\Application->handleRequest(Object(yii\web\Request))
#1 C:\xampp\htdocs\boigalera_\web\index.php(12): yii\base\Application->run()
#2 {main}
2016-04-23 20:25:58 [::1][-][-][info][application] $_GET = [
    'r' => 'site/view'
    'id' => '1'
]

$_COOKIE = [
    'G_AUTHUSER_H' => '0'
    'PHPSESSID' => 'dmlijd3ktvtqor20oa8v15lkh1'
    '_identity' => '32739949191ded2ba1fd4a4176c69c6d306f27493df8d1613760e4c28d139a19a:2:{i:0;s:9:\"_identity\";i:1;s:46:\"[8,\"wJILJvCAwtYCoUxFA7sQUwzW-jqmIjNJ\",2592000]\";}'
    '_csrf' => '7307c6dded5704e46166b6b20267fcd027d3a5faa49373e91e9f076c953647b2a:2:{i:0;s:5:\"_csrf\";i:1;s:32:\"G1TpaY1ksPTEpSCU-z4jTkETUOvG2_0S\";}'
]

$_SERVER = [
    'MIBDIRS' => 'C:/xampp/php/extras/mibs'
    'MYSQL_HOME' => '\\xampp\\mysql\\bin'
    'OPENSSL_CONF' => 'C:/xampp/apache/bin/openssl.cnf'
    'PHP_PEAR_SYSCONF_DIR' => '\\xampp\\php'
    'PHPRC' => '\\xampp\\php'
    'TMP' => '\\xampp\\tmp'
    'HTTP_HOST' => 'localhost'
    'HTTP_CONNECTION' => 'keep-alive'
    'HTTP_ACCEPT' => 'text/html,application/xhtml+xml,application/xml;q=0.9,image/webp,*/*;q=0.8'
    'HTTP_UPGRADE_INSECURE_REQUESTS' => '1'
    'HTTP_USER_AGENT' => 'Mozilla/5.0 (Windows NT 10.0; WOW64) AppleWebKit/537.36 (KHTML, like Gecko) Chrome/49.0.2623.112 Safari/537.36'
    'HTTP_REFERER' => 'http://localhost/boigalera_/web/'
    'HTTP_ACCEPT_ENCODING' => 'gzip, deflate, sdch'
    'HTTP_ACCEPT_LANGUAGE' => 'pt-BR,pt;q=0.8,en-US;q=0.6,en;q=0.4'
    'HTTP_COOKIE' => 'G_AUTHUSER_H=0; PHPSESSID=dmlijd3ktvtqor20oa8v15lkh1; _identity=32739949191ded2ba1fd4a4176c69c6d306f27493df8d1613760e4c28d139a19a%3A2%3A%7Bi%3A0%3Bs%3A9%3A%22_identity%22%3Bi%3A1%3Bs%3A46%3A%22%5B8%2C%22wJILJvCAwtYCoUxFA7sQUwzW-jqmIjNJ%22%2C2592000%5D%22%3B%7D; _csrf=7307c6dded5704e46166b6b20267fcd027d3a5faa49373e91e9f076c953647b2a%3A2%3A%7Bi%3A0%3Bs%3A5%3A%22_csrf%22%3Bi%3A1%3Bs%3A32%3A%22G1TpaY1ksPTEpSCU-z4jTkETUOvG2_0S%22%3B%7D'
    'PATH' => 'C:\\Program Files (x86)\\Intel\\iCLS Client\\;C:\\Program Files\\Intel\\iCLS Client\\;C:\\WINDOWS\\system32;C:\\WINDOWS;C:\\WINDOWS\\System32\\Wbem;C:\\WINDOWS\\System32\\WindowsPowerShell\\v1.0\\;C:\\Program Files (x86)\\Intel\\OpenCL SDK\\2.0\\bin\\x86;C:\\Program Files (x86)\\Intel\\OpenCL SDK\\2.0\\bin\\x64;C:\\Program Files\\Intel\\Intel(R) Management Engine Components\\DAL;C:\\Program Files\\Intel\\Intel(R) Management Engine Components\\IPT;C:\\Program Files (x86)\\Intel\\Intel(R) Management Engine Components\\DAL;C:\\Program Files (x86)\\Intel\\Intel(R) Management Engine Components\\IPT;C:\\Program Files (x86)\\Windows Kits\\8.1\\Windows Performance Toolkit\\;C:\\Program Files\\Microsoft SQL Server\\110\\Tools\\Binn\\;C:\\Program Files (x86)\\Microsoft SDKs\\TypeScript\\1.0\\;C:\\Program Files\\Microsoft SQL Server\\120\\Tools\\Binn\\;C:\\xampp\\php;C:\\ProgramData\\ComposerSetup\\bin;C:\\Program Files\\Java\\jdk1.8.0_05;C:\\Program Files (x86)\\Common Files\\Acronis\\SnapAPI\\;C:\\Program Files\\nodejs\\;C:\\WINDOWS\\system32\\config\\systemprofile\\.dnx\\bin;C:\\Program Files\\Microsoft DNX\\Dnvm\\;C:\\Program Files\\Microsoft SQL Server\\130\\Tools\\Binn\\;C:\\Users\\Usuario\\AppData\\Roaming\\npm'
    'SystemRoot' => 'C:\\WINDOWS'
    'COMSPEC' => 'C:\\WINDOWS\\system32\\cmd.exe'
    'PATHEXT' => '.COM;.EXE;.BAT;.CMD;.VBS;.VBE;.JS;.JSE;.WSF;.WSH;.MSC'
    'WINDIR' => 'C:\\WINDOWS'
    'SERVER_SIGNATURE' => '<address>Apache/2.4.12 (Win32) OpenSSL/1.0.1l PHP/5.6.8 Server at localhost Port 80</address>
'
    'SERVER_SOFTWARE' => 'Apache/2.4.12 (Win32) OpenSSL/1.0.1l PHP/5.6.8'
    'SERVER_NAME' => 'localhost'
    'SERVER_ADDR' => '::1'
    'SERVER_PORT' => '80'
    'REMOTE_ADDR' => '::1'
    'DOCUMENT_ROOT' => 'C:/xampp/htdocs'
    'REQUEST_SCHEME' => 'http'
    'CONTEXT_PREFIX' => ''
    'CONTEXT_DOCUMENT_ROOT' => 'C:/xampp/htdocs'
    'SERVER_ADMIN' => 'postmaster@localhost'
    'SCRIPT_FILENAME' => 'C:/xampp/htdocs/boigalera_/web/index.php'
    'REMOTE_PORT' => '51633'
    'GATEWAY_INTERFACE' => 'CGI/1.1'
    'SERVER_PROTOCOL' => 'HTTP/1.1'
    'REQUEST_METHOD' => 'GET'
    'QUERY_STRING' => 'r=site%2Fview&id=1'
    'REQUEST_URI' => '/boigalera_/web/index.php?r=site%2Fview&id=1'
    'SCRIPT_NAME' => '/boigalera_/web/index.php'
    'PHP_SELF' => '/boigalera_/web/index.php'
    'REQUEST_TIME_FLOAT' => 1461435958.283
    'REQUEST_TIME' => 1461435958
]
2016-04-23 20:26:08 [::1][-][-][error][yii\base\ErrorException:4] exception 'yii\base\ErrorException' with message 'syntax error, unexpected '->' (T_OBJECT_OPERATOR), expecting ']'' in C:\xampp\htdocs\boigalera_\views\site\index.php:115
Stack trace:
#0 [internal function]: yii\base\ErrorHandler->handleFatalError()
#1 {main}
2016-04-23 20:26:08 [::1][-][-][info][application] $_GET = [
    'r' => 'site'
]

$_COOKIE = [
    'G_AUTHUSER_H' => '0'
    'PHPSESSID' => 'dmlijd3ktvtqor20oa8v15lkh1'
    '_identity' => '32739949191ded2ba1fd4a4176c69c6d306f27493df8d1613760e4c28d139a19a:2:{i:0;s:9:\"_identity\";i:1;s:46:\"[8,\"wJILJvCAwtYCoUxFA7sQUwzW-jqmIjNJ\",2592000]\";}'
    '_csrf' => '7307c6dded5704e46166b6b20267fcd027d3a5faa49373e91e9f076c953647b2a:2:{i:0;s:5:\"_csrf\";i:1;s:32:\"G1TpaY1ksPTEpSCU-z4jTkETUOvG2_0S\";}'
]

$_SERVER = [
    'MIBDIRS' => 'C:/xampp/php/extras/mibs'
    'MYSQL_HOME' => '\\xampp\\mysql\\bin'
    'OPENSSL_CONF' => 'C:/xampp/apache/bin/openssl.cnf'
    'PHP_PEAR_SYSCONF_DIR' => '\\xampp\\php'
    'PHPRC' => '\\xampp\\php'
    'TMP' => '\\xampp\\tmp'
    'HTTP_HOST' => 'localhost'
    'HTTP_CONNECTION' => 'keep-alive'
    'HTTP_ACCEPT' => 'text/html,application/xhtml+xml,application/xml;q=0.9,image/webp,*/*;q=0.8'
    'HTTP_UPGRADE_INSECURE_REQUESTS' => '1'
    'HTTP_USER_AGENT' => 'Mozilla/5.0 (Windows NT 10.0; WOW64) AppleWebKit/537.36 (KHTML, like Gecko) Chrome/49.0.2623.112 Safari/537.36'
    'HTTP_ACCEPT_ENCODING' => 'gzip, deflate, sdch'
    'HTTP_ACCEPT_LANGUAGE' => 'pt-BR,pt;q=0.8,en-US;q=0.6,en;q=0.4'
    'HTTP_COOKIE' => 'G_AUTHUSER_H=0; PHPSESSID=dmlijd3ktvtqor20oa8v15lkh1; _identity=32739949191ded2ba1fd4a4176c69c6d306f27493df8d1613760e4c28d139a19a%3A2%3A%7Bi%3A0%3Bs%3A9%3A%22_identity%22%3Bi%3A1%3Bs%3A46%3A%22%5B8%2C%22wJILJvCAwtYCoUxFA7sQUwzW-jqmIjNJ%22%2C2592000%5D%22%3B%7D; _csrf=7307c6dded5704e46166b6b20267fcd027d3a5faa49373e91e9f076c953647b2a%3A2%3A%7Bi%3A0%3Bs%3A5%3A%22_csrf%22%3Bi%3A1%3Bs%3A32%3A%22G1TpaY1ksPTEpSCU-z4jTkETUOvG2_0S%22%3B%7D'
    'PATH' => 'C:\\Program Files (x86)\\Intel\\iCLS Client\\;C:\\Program Files\\Intel\\iCLS Client\\;C:\\WINDOWS\\system32;C:\\WINDOWS;C:\\WINDOWS\\System32\\Wbem;C:\\WINDOWS\\System32\\WindowsPowerShell\\v1.0\\;C:\\Program Files (x86)\\Intel\\OpenCL SDK\\2.0\\bin\\x86;C:\\Program Files (x86)\\Intel\\OpenCL SDK\\2.0\\bin\\x64;C:\\Program Files\\Intel\\Intel(R) Management Engine Components\\DAL;C:\\Program Files\\Intel\\Intel(R) Management Engine Components\\IPT;C:\\Program Files (x86)\\Intel\\Intel(R) Management Engine Components\\DAL;C:\\Program Files (x86)\\Intel\\Intel(R) Management Engine Components\\IPT;C:\\Program Files (x86)\\Windows Kits\\8.1\\Windows Performance Toolkit\\;C:\\Program Files\\Microsoft SQL Server\\110\\Tools\\Binn\\;C:\\Program Files (x86)\\Microsoft SDKs\\TypeScript\\1.0\\;C:\\Program Files\\Microsoft SQL Server\\120\\Tools\\Binn\\;C:\\xampp\\php;C:\\ProgramData\\ComposerSetup\\bin;C:\\Program Files\\Java\\jdk1.8.0_05;C:\\Program Files (x86)\\Common Files\\Acronis\\SnapAPI\\;C:\\Program Files\\nodejs\\;C:\\WINDOWS\\system32\\config\\systemprofile\\.dnx\\bin;C:\\Program Files\\Microsoft DNX\\Dnvm\\;C:\\Program Files\\Microsoft SQL Server\\130\\Tools\\Binn\\;C:\\Users\\Usuario\\AppData\\Roaming\\npm'
    'SystemRoot' => 'C:\\WINDOWS'
    'COMSPEC' => 'C:\\WINDOWS\\system32\\cmd.exe'
    'PATHEXT' => '.COM;.EXE;.BAT;.CMD;.VBS;.VBE;.JS;.JSE;.WSF;.WSH;.MSC'
    'WINDIR' => 'C:\\WINDOWS'
    'SERVER_SIGNATURE' => '<address>Apache/2.4.12 (Win32) OpenSSL/1.0.1l PHP/5.6.8 Server at localhost Port 80</address>
'
    'SERVER_SOFTWARE' => 'Apache/2.4.12 (Win32) OpenSSL/1.0.1l PHP/5.6.8'
    'SERVER_NAME' => 'localhost'
    'SERVER_ADDR' => '::1'
    'SERVER_PORT' => '80'
    'REMOTE_ADDR' => '::1'
    'DOCUMENT_ROOT' => 'C:/xampp/htdocs'
    'REQUEST_SCHEME' => 'http'
    'CONTEXT_PREFIX' => ''
    'CONTEXT_DOCUMENT_ROOT' => 'C:/xampp/htdocs'
    'SERVER_ADMIN' => 'postmaster@localhost'
    'SCRIPT_FILENAME' => 'C:/xampp/htdocs/boigalera_/web/index.php'
    'REMOTE_PORT' => '51646'
    'GATEWAY_INTERFACE' => 'CGI/1.1'
    'SERVER_PROTOCOL' => 'HTTP/1.1'
    'REQUEST_METHOD' => 'GET'
    'QUERY_STRING' => 'r=site'
    'REQUEST_URI' => '/boigalera_/web/index.php?r=site'
    'SCRIPT_NAME' => '/boigalera_/web/index.php'
    'PHP_SELF' => '/boigalera_/web/index.php'
    'REQUEST_TIME_FLOAT' => 1461435968.54
    'REQUEST_TIME' => 1461435968
]
2016-04-23 20:26:50 [::1][-][-][error][yii\base\ErrorException:4] exception 'yii\base\ErrorException' with message 'syntax error, unexpected '->' (T_OBJECT_OPERATOR), expecting ']'' in C:\xampp\htdocs\boigalera_\views\site\index.php:115
Stack trace:
#0 [internal function]: yii\base\ErrorHandler->handleFatalError()
#1 {main}
2016-04-23 20:26:50 [::1][-][-][info][application] $_GET = [
    'r' => 'site'
]

$_COOKIE = [
    'G_AUTHUSER_H' => '0'
    'PHPSESSID' => 'dmlijd3ktvtqor20oa8v15lkh1'
    '_identity' => '32739949191ded2ba1fd4a4176c69c6d306f27493df8d1613760e4c28d139a19a:2:{i:0;s:9:\"_identity\";i:1;s:46:\"[8,\"wJILJvCAwtYCoUxFA7sQUwzW-jqmIjNJ\",2592000]\";}'
    '_csrf' => '7307c6dded5704e46166b6b20267fcd027d3a5faa49373e91e9f076c953647b2a:2:{i:0;s:5:\"_csrf\";i:1;s:32:\"G1TpaY1ksPTEpSCU-z4jTkETUOvG2_0S\";}'
]

$_SERVER = [
    'MIBDIRS' => 'C:/xampp/php/extras/mibs'
    'MYSQL_HOME' => '\\xampp\\mysql\\bin'
    'OPENSSL_CONF' => 'C:/xampp/apache/bin/openssl.cnf'
    'PHP_PEAR_SYSCONF_DIR' => '\\xampp\\php'
    'PHPRC' => '\\xampp\\php'
    'TMP' => '\\xampp\\tmp'
    'HTTP_HOST' => 'localhost'
    'HTTP_CONNECTION' => 'keep-alive'
    'HTTP_CACHE_CONTROL' => 'max-age=0'
    'HTTP_ACCEPT' => 'text/html,application/xhtml+xml,application/xml;q=0.9,image/webp,*/*;q=0.8'
    'HTTP_UPGRADE_INSECURE_REQUESTS' => '1'
    'HTTP_USER_AGENT' => 'Mozilla/5.0 (Windows NT 10.0; WOW64) AppleWebKit/537.36 (KHTML, like Gecko) Chrome/49.0.2623.112 Safari/537.36'
    'HTTP_ACCEPT_ENCODING' => 'gzip, deflate, sdch'
    'HTTP_ACCEPT_LANGUAGE' => 'pt-BR,pt;q=0.8,en-US;q=0.6,en;q=0.4'
    'HTTP_COOKIE' => 'G_AUTHUSER_H=0; PHPSESSID=dmlijd3ktvtqor20oa8v15lkh1; _identity=32739949191ded2ba1fd4a4176c69c6d306f27493df8d1613760e4c28d139a19a%3A2%3A%7Bi%3A0%3Bs%3A9%3A%22_identity%22%3Bi%3A1%3Bs%3A46%3A%22%5B8%2C%22wJILJvCAwtYCoUxFA7sQUwzW-jqmIjNJ%22%2C2592000%5D%22%3B%7D; _csrf=7307c6dded5704e46166b6b20267fcd027d3a5faa49373e91e9f076c953647b2a%3A2%3A%7Bi%3A0%3Bs%3A5%3A%22_csrf%22%3Bi%3A1%3Bs%3A32%3A%22G1TpaY1ksPTEpSCU-z4jTkETUOvG2_0S%22%3B%7D'
    'PATH' => 'C:\\Program Files (x86)\\Intel\\iCLS Client\\;C:\\Program Files\\Intel\\iCLS Client\\;C:\\WINDOWS\\system32;C:\\WINDOWS;C:\\WINDOWS\\System32\\Wbem;C:\\WINDOWS\\System32\\WindowsPowerShell\\v1.0\\;C:\\Program Files (x86)\\Intel\\OpenCL SDK\\2.0\\bin\\x86;C:\\Program Files (x86)\\Intel\\OpenCL SDK\\2.0\\bin\\x64;C:\\Program Files\\Intel\\Intel(R) Management Engine Components\\DAL;C:\\Program Files\\Intel\\Intel(R) Management Engine Components\\IPT;C:\\Program Files (x86)\\Intel\\Intel(R) Management Engine Components\\DAL;C:\\Program Files (x86)\\Intel\\Intel(R) Management Engine Components\\IPT;C:\\Program Files (x86)\\Windows Kits\\8.1\\Windows Performance Toolkit\\;C:\\Program Files\\Microsoft SQL Server\\110\\Tools\\Binn\\;C:\\Program Files (x86)\\Microsoft SDKs\\TypeScript\\1.0\\;C:\\Program Files\\Microsoft SQL Server\\120\\Tools\\Binn\\;C:\\xampp\\php;C:\\ProgramData\\ComposerSetup\\bin;C:\\Program Files\\Java\\jdk1.8.0_05;C:\\Program Files (x86)\\Common Files\\Acronis\\SnapAPI\\;C:\\Program Files\\nodejs\\;C:\\WINDOWS\\system32\\config\\systemprofile\\.dnx\\bin;C:\\Program Files\\Microsoft DNX\\Dnvm\\;C:\\Program Files\\Microsoft SQL Server\\130\\Tools\\Binn\\;C:\\Users\\Usuario\\AppData\\Roaming\\npm'
    'SystemRoot' => 'C:\\WINDOWS'
    'COMSPEC' => 'C:\\WINDOWS\\system32\\cmd.exe'
    'PATHEXT' => '.COM;.EXE;.BAT;.CMD;.VBS;.VBE;.JS;.JSE;.WSF;.WSH;.MSC'
    'WINDIR' => 'C:\\WINDOWS'
    'SERVER_SIGNATURE' => '<address>Apache/2.4.12 (Win32) OpenSSL/1.0.1l PHP/5.6.8 Server at localhost Port 80</address>
'
    'SERVER_SOFTWARE' => 'Apache/2.4.12 (Win32) OpenSSL/1.0.1l PHP/5.6.8'
    'SERVER_NAME' => 'localhost'
    'SERVER_ADDR' => '::1'
    'SERVER_PORT' => '80'
    'REMOTE_ADDR' => '::1'
    'DOCUMENT_ROOT' => 'C:/xampp/htdocs'
    'REQUEST_SCHEME' => 'http'
    'CONTEXT_PREFIX' => ''
    'CONTEXT_DOCUMENT_ROOT' => 'C:/xampp/htdocs'
    'SERVER_ADMIN' => 'postmaster@localhost'
    'SCRIPT_FILENAME' => 'C:/xampp/htdocs/boigalera_/web/index.php'
    'REMOTE_PORT' => '51661'
    'GATEWAY_INTERFACE' => 'CGI/1.1'
    'SERVER_PROTOCOL' => 'HTTP/1.1'
    'REQUEST_METHOD' => 'GET'
    'QUERY_STRING' => 'r=site'
    'REQUEST_URI' => '/boigalera_/web/index.php?r=site'
    'SCRIPT_NAME' => '/boigalera_/web/index.php'
    'PHP_SELF' => '/boigalera_/web/index.php'
    'REQUEST_TIME_FLOAT' => 1461436010.028
    'REQUEST_TIME' => 1461436010
]
2016-04-23 20:27:33 [::1][-][-][error][yii\web\HttpException:404] exception 'yii\base\InvalidRouteException' with message 'Unable to resolve the request: site/view' in C:\xampp\htdocs\boigalera_\vendor\yiisoft\yii2\base\Controller.php:122
Stack trace:
#0 C:\xampp\htdocs\boigalera_\vendor\yiisoft\yii2\base\Module.php(455): yii\base\Controller->runAction('view', Array)
#1 C:\xampp\htdocs\boigalera_\vendor\yiisoft\yii2\web\Application.php(84): yii\base\Module->runAction('site/view', Array)
#2 C:\xampp\htdocs\boigalera_\vendor\yiisoft\yii2\base\Application.php(375): yii\web\Application->handleRequest(Object(yii\web\Request))
#3 C:\xampp\htdocs\boigalera_\web\index.php(12): yii\base\Application->run()
#4 {main}

Next exception 'yii\web\NotFoundHttpException' with message 'Página não encontrada.' in C:\xampp\htdocs\boigalera_\vendor\yiisoft\yii2\web\Application.php:96
Stack trace:
#0 C:\xampp\htdocs\boigalera_\vendor\yiisoft\yii2\base\Application.php(375): yii\web\Application->handleRequest(Object(yii\web\Request))
#1 C:\xampp\htdocs\boigalera_\web\index.php(12): yii\base\Application->run()
#2 {main}
2016-04-23 20:27:33 [::1][-][-][info][application] $_GET = [
    'r' => 'site/view'
    'id' => '1'
]

$_COOKIE = [
    'G_AUTHUSER_H' => '0'
    'PHPSESSID' => 'dmlijd3ktvtqor20oa8v15lkh1'
    '_identity' => '32739949191ded2ba1fd4a4176c69c6d306f27493df8d1613760e4c28d139a19a:2:{i:0;s:9:\"_identity\";i:1;s:46:\"[8,\"wJILJvCAwtYCoUxFA7sQUwzW-jqmIjNJ\",2592000]\";}'
    '_csrf' => '7307c6dded5704e46166b6b20267fcd027d3a5faa49373e91e9f076c953647b2a:2:{i:0;s:5:\"_csrf\";i:1;s:32:\"G1TpaY1ksPTEpSCU-z4jTkETUOvG2_0S\";}'
]

$_SERVER = [
    'MIBDIRS' => 'C:/xampp/php/extras/mibs'
    'MYSQL_HOME' => '\\xampp\\mysql\\bin'
    'OPENSSL_CONF' => 'C:/xampp/apache/bin/openssl.cnf'
    'PHP_PEAR_SYSCONF_DIR' => '\\xampp\\php'
    'PHPRC' => '\\xampp\\php'
    'TMP' => '\\xampp\\tmp'
    'HTTP_HOST' => 'localhost'
    'HTTP_CONNECTION' => 'keep-alive'
    'HTTP_ACCEPT' => 'text/html,application/xhtml+xml,application/xml;q=0.9,image/webp,*/*;q=0.8'
    'HTTP_UPGRADE_INSECURE_REQUESTS' => '1'
    'HTTP_USER_AGENT' => 'Mozilla/5.0 (Windows NT 10.0; WOW64) AppleWebKit/537.36 (KHTML, like Gecko) Chrome/49.0.2623.112 Safari/537.36'
    'HTTP_REFERER' => 'http://localhost/boigalera_/web/index.php?r=site'
    'HTTP_ACCEPT_ENCODING' => 'gzip, deflate, sdch'
    'HTTP_ACCEPT_LANGUAGE' => 'pt-BR,pt;q=0.8,en-US;q=0.6,en;q=0.4'
    'HTTP_COOKIE' => 'G_AUTHUSER_H=0; PHPSESSID=dmlijd3ktvtqor20oa8v15lkh1; _identity=32739949191ded2ba1fd4a4176c69c6d306f27493df8d1613760e4c28d139a19a%3A2%3A%7Bi%3A0%3Bs%3A9%3A%22_identity%22%3Bi%3A1%3Bs%3A46%3A%22%5B8%2C%22wJILJvCAwtYCoUxFA7sQUwzW-jqmIjNJ%22%2C2592000%5D%22%3B%7D; _csrf=7307c6dded5704e46166b6b20267fcd027d3a5faa49373e91e9f076c953647b2a%3A2%3A%7Bi%3A0%3Bs%3A5%3A%22_csrf%22%3Bi%3A1%3Bs%3A32%3A%22G1TpaY1ksPTEpSCU-z4jTkETUOvG2_0S%22%3B%7D'
    'PATH' => 'C:\\Program Files (x86)\\Intel\\iCLS Client\\;C:\\Program Files\\Intel\\iCLS Client\\;C:\\WINDOWS\\system32;C:\\WINDOWS;C:\\WINDOWS\\System32\\Wbem;C:\\WINDOWS\\System32\\WindowsPowerShell\\v1.0\\;C:\\Program Files (x86)\\Intel\\OpenCL SDK\\2.0\\bin\\x86;C:\\Program Files (x86)\\Intel\\OpenCL SDK\\2.0\\bin\\x64;C:\\Program Files\\Intel\\Intel(R) Management Engine Components\\DAL;C:\\Program Files\\Intel\\Intel(R) Management Engine Components\\IPT;C:\\Program Files (x86)\\Intel\\Intel(R) Management Engine Components\\DAL;C:\\Program Files (x86)\\Intel\\Intel(R) Management Engine Components\\IPT;C:\\Program Files (x86)\\Windows Kits\\8.1\\Windows Performance Toolkit\\;C:\\Program Files\\Microsoft SQL Server\\110\\Tools\\Binn\\;C:\\Program Files (x86)\\Microsoft SDKs\\TypeScript\\1.0\\;C:\\Program Files\\Microsoft SQL Server\\120\\Tools\\Binn\\;C:\\xampp\\php;C:\\ProgramData\\ComposerSetup\\bin;C:\\Program Files\\Java\\jdk1.8.0_05;C:\\Program Files (x86)\\Common Files\\Acronis\\SnapAPI\\;C:\\Program Files\\nodejs\\;C:\\WINDOWS\\system32\\config\\systemprofile\\.dnx\\bin;C:\\Program Files\\Microsoft DNX\\Dnvm\\;C:\\Program Files\\Microsoft SQL Server\\130\\Tools\\Binn\\;C:\\Users\\Usuario\\AppData\\Roaming\\npm'
    'SystemRoot' => 'C:\\WINDOWS'
    'COMSPEC' => 'C:\\WINDOWS\\system32\\cmd.exe'
    'PATHEXT' => '.COM;.EXE;.BAT;.CMD;.VBS;.VBE;.JS;.JSE;.WSF;.WSH;.MSC'
    'WINDIR' => 'C:\\WINDOWS'
    'SERVER_SIGNATURE' => '<address>Apache/2.4.12 (Win32) OpenSSL/1.0.1l PHP/5.6.8 Server at localhost Port 80</address>
'
    'SERVER_SOFTWARE' => 'Apache/2.4.12 (Win32) OpenSSL/1.0.1l PHP/5.6.8'
    'SERVER_NAME' => 'localhost'
    'SERVER_ADDR' => '::1'
    'SERVER_PORT' => '80'
    'REMOTE_ADDR' => '::1'
    'DOCUMENT_ROOT' => 'C:/xampp/htdocs'
    'REQUEST_SCHEME' => 'http'
    'CONTEXT_PREFIX' => ''
    'CONTEXT_DOCUMENT_ROOT' => 'C:/xampp/htdocs'
    'SERVER_ADMIN' => 'postmaster@localhost'
    'SCRIPT_FILENAME' => 'C:/xampp/htdocs/boigalera_/web/index.php'
    'REMOTE_PORT' => '51679'
    'GATEWAY_INTERFACE' => 'CGI/1.1'
    'SERVER_PROTOCOL' => 'HTTP/1.1'
    'REQUEST_METHOD' => 'GET'
    'QUERY_STRING' => 'r=site%2Fview&id=1'
    'REQUEST_URI' => '/boigalera_/web/index.php?r=site%2Fview&id=1'
    'SCRIPT_NAME' => '/boigalera_/web/index.php'
    'PHP_SELF' => '/boigalera_/web/index.php'
    'REQUEST_TIME_FLOAT' => 1461436053.016
    'REQUEST_TIME' => 1461436053
]
2016-04-23 20:27:43 [::1][-][-][error][yii\web\HttpException:404] exception 'yii\base\InvalidRouteException' with message 'Unable to resolve the request: site/view' in C:\xampp\htdocs\boigalera_\vendor\yiisoft\yii2\base\Controller.php:122
Stack trace:
#0 C:\xampp\htdocs\boigalera_\vendor\yiisoft\yii2\base\Module.php(455): yii\base\Controller->runAction('view', Array)
#1 C:\xampp\htdocs\boigalera_\vendor\yiisoft\yii2\web\Application.php(84): yii\base\Module->runAction('site/view', Array)
#2 C:\xampp\htdocs\boigalera_\vendor\yiisoft\yii2\base\Application.php(375): yii\web\Application->handleRequest(Object(yii\web\Request))
#3 C:\xampp\htdocs\boigalera_\web\index.php(12): yii\base\Application->run()
#4 {main}

Next exception 'yii\web\NotFoundHttpException' with message 'Página não encontrada.' in C:\xampp\htdocs\boigalera_\vendor\yiisoft\yii2\web\Application.php:96
Stack trace:
#0 C:\xampp\htdocs\boigalera_\vendor\yiisoft\yii2\base\Application.php(375): yii\web\Application->handleRequest(Object(yii\web\Request))
#1 C:\xampp\htdocs\boigalera_\web\index.php(12): yii\base\Application->run()
#2 {main}
2016-04-23 20:27:43 [::1][-][-][info][application] $_GET = [
    'r' => 'site/view'
]

$_COOKIE = [
    'G_AUTHUSER_H' => '0'
    'PHPSESSID' => 'dmlijd3ktvtqor20oa8v15lkh1'
    '_identity' => '32739949191ded2ba1fd4a4176c69c6d306f27493df8d1613760e4c28d139a19a:2:{i:0;s:9:\"_identity\";i:1;s:46:\"[8,\"wJILJvCAwtYCoUxFA7sQUwzW-jqmIjNJ\",2592000]\";}'
    '_csrf' => '7307c6dded5704e46166b6b20267fcd027d3a5faa49373e91e9f076c953647b2a:2:{i:0;s:5:\"_csrf\";i:1;s:32:\"G1TpaY1ksPTEpSCU-z4jTkETUOvG2_0S\";}'
]

$_SERVER = [
    'MIBDIRS' => 'C:/xampp/php/extras/mibs'
    'MYSQL_HOME' => '\\xampp\\mysql\\bin'
    'OPENSSL_CONF' => 'C:/xampp/apache/bin/openssl.cnf'
    'PHP_PEAR_SYSCONF_DIR' => '\\xampp\\php'
    'PHPRC' => '\\xampp\\php'
    'TMP' => '\\xampp\\tmp'
    'HTTP_HOST' => 'localhost'
    'HTTP_CONNECTION' => 'keep-alive'
    'HTTP_ACCEPT' => 'text/html,application/xhtml+xml,application/xml;q=0.9,image/webp,*/*;q=0.8'
    'HTTP_UPGRADE_INSECURE_REQUESTS' => '1'
    'HTTP_USER_AGENT' => 'Mozilla/5.0 (Windows NT 10.0; WOW64) AppleWebKit/537.36 (KHTML, like Gecko) Chrome/49.0.2623.112 Safari/537.36'
    'HTTP_ACCEPT_ENCODING' => 'gzip, deflate, sdch'
    'HTTP_ACCEPT_LANGUAGE' => 'pt-BR,pt;q=0.8,en-US;q=0.6,en;q=0.4'
    'HTTP_COOKIE' => 'G_AUTHUSER_H=0; PHPSESSID=dmlijd3ktvtqor20oa8v15lkh1; _identity=32739949191ded2ba1fd4a4176c69c6d306f27493df8d1613760e4c28d139a19a%3A2%3A%7Bi%3A0%3Bs%3A9%3A%22_identity%22%3Bi%3A1%3Bs%3A46%3A%22%5B8%2C%22wJILJvCAwtYCoUxFA7sQUwzW-jqmIjNJ%22%2C2592000%5D%22%3B%7D; _csrf=7307c6dded5704e46166b6b20267fcd027d3a5faa49373e91e9f076c953647b2a%3A2%3A%7Bi%3A0%3Bs%3A5%3A%22_csrf%22%3Bi%3A1%3Bs%3A32%3A%22G1TpaY1ksPTEpSCU-z4jTkETUOvG2_0S%22%3B%7D'
    'PATH' => 'C:\\Program Files (x86)\\Intel\\iCLS Client\\;C:\\Program Files\\Intel\\iCLS Client\\;C:\\WINDOWS\\system32;C:\\WINDOWS;C:\\WINDOWS\\System32\\Wbem;C:\\WINDOWS\\System32\\WindowsPowerShell\\v1.0\\;C:\\Program Files (x86)\\Intel\\OpenCL SDK\\2.0\\bin\\x86;C:\\Program Files (x86)\\Intel\\OpenCL SDK\\2.0\\bin\\x64;C:\\Program Files\\Intel\\Intel(R) Management Engine Components\\DAL;C:\\Program Files\\Intel\\Intel(R) Management Engine Components\\IPT;C:\\Program Files (x86)\\Intel\\Intel(R) Management Engine Components\\DAL;C:\\Program Files (x86)\\Intel\\Intel(R) Management Engine Components\\IPT;C:\\Program Files (x86)\\Windows Kits\\8.1\\Windows Performance Toolkit\\;C:\\Program Files\\Microsoft SQL Server\\110\\Tools\\Binn\\;C:\\Program Files (x86)\\Microsoft SDKs\\TypeScript\\1.0\\;C:\\Program Files\\Microsoft SQL Server\\120\\Tools\\Binn\\;C:\\xampp\\php;C:\\ProgramData\\ComposerSetup\\bin;C:\\Program Files\\Java\\jdk1.8.0_05;C:\\Program Files (x86)\\Common Files\\Acronis\\SnapAPI\\;C:\\Program Files\\nodejs\\;C:\\WINDOWS\\system32\\config\\systemprofile\\.dnx\\bin;C:\\Program Files\\Microsoft DNX\\Dnvm\\;C:\\Program Files\\Microsoft SQL Server\\130\\Tools\\Binn\\;C:\\Users\\Usuario\\AppData\\Roaming\\npm'
    'SystemRoot' => 'C:\\WINDOWS'
    'COMSPEC' => 'C:\\WINDOWS\\system32\\cmd.exe'
    'PATHEXT' => '.COM;.EXE;.BAT;.CMD;.VBS;.VBE;.JS;.JSE;.WSF;.WSH;.MSC'
    'WINDIR' => 'C:\\WINDOWS'
    'SERVER_SIGNATURE' => '<address>Apache/2.4.12 (Win32) OpenSSL/1.0.1l PHP/5.6.8 Server at localhost Port 80</address>
'
    'SERVER_SOFTWARE' => 'Apache/2.4.12 (Win32) OpenSSL/1.0.1l PHP/5.6.8'
    'SERVER_NAME' => 'localhost'
    'SERVER_ADDR' => '::1'
    'SERVER_PORT' => '80'
    'REMOTE_ADDR' => '::1'
    'DOCUMENT_ROOT' => 'C:/xampp/htdocs'
    'REQUEST_SCHEME' => 'http'
    'CONTEXT_PREFIX' => ''
    'CONTEXT_DOCUMENT_ROOT' => 'C:/xampp/htdocs'
    'SERVER_ADMIN' => 'postmaster@localhost'
    'SCRIPT_FILENAME' => 'C:/xampp/htdocs/boigalera_/web/index.php'
    'REMOTE_PORT' => '51730'
    'GATEWAY_INTERFACE' => 'CGI/1.1'
    'SERVER_PROTOCOL' => 'HTTP/1.1'
    'REQUEST_METHOD' => 'GET'
    'QUERY_STRING' => 'r=site%2Fview'
    'REQUEST_URI' => '/boigalera_/web/index.php?r=site%2Fview'
    'SCRIPT_NAME' => '/boigalera_/web/index.php'
    'PHP_SELF' => '/boigalera_/web/index.php'
    'REQUEST_TIME_FLOAT' => 1461436063.303
    'REQUEST_TIME' => 1461436063
]
2016-04-23 20:28:46 [::1][-][-][error][yii\web\HttpException:404] exception 'yii\base\InvalidRouteException' with message 'Unable to resolve the request: site/view' in C:\xampp\htdocs\boigalera_\vendor\yiisoft\yii2\base\Controller.php:122
Stack trace:
#0 C:\xampp\htdocs\boigalera_\vendor\yiisoft\yii2\base\Module.php(455): yii\base\Controller->runAction('view', Array)
#1 C:\xampp\htdocs\boigalera_\vendor\yiisoft\yii2\web\Application.php(84): yii\base\Module->runAction('site/view', Array)
#2 C:\xampp\htdocs\boigalera_\vendor\yiisoft\yii2\base\Application.php(375): yii\web\Application->handleRequest(Object(yii\web\Request))
#3 C:\xampp\htdocs\boigalera_\web\index.php(12): yii\base\Application->run()
#4 {main}

Next exception 'yii\web\NotFoundHttpException' with message 'Página não encontrada.' in C:\xampp\htdocs\boigalera_\vendor\yiisoft\yii2\web\Application.php:96
Stack trace:
#0 C:\xampp\htdocs\boigalera_\vendor\yiisoft\yii2\base\Application.php(375): yii\web\Application->handleRequest(Object(yii\web\Request))
#1 C:\xampp\htdocs\boigalera_\web\index.php(12): yii\base\Application->run()
#2 {main}
2016-04-23 20:28:46 [::1][-][-][info][application] $_GET = [
    'r' => 'site/view'
    'id' => '3'
]

$_COOKIE = [
    'G_AUTHUSER_H' => '0'
    'PHPSESSID' => 'dmlijd3ktvtqor20oa8v15lkh1'
    '_identity' => '32739949191ded2ba1fd4a4176c69c6d306f27493df8d1613760e4c28d139a19a:2:{i:0;s:9:\"_identity\";i:1;s:46:\"[8,\"wJILJvCAwtYCoUxFA7sQUwzW-jqmIjNJ\",2592000]\";}'
    '_csrf' => '7307c6dded5704e46166b6b20267fcd027d3a5faa49373e91e9f076c953647b2a:2:{i:0;s:5:\"_csrf\";i:1;s:32:\"G1TpaY1ksPTEpSCU-z4jTkETUOvG2_0S\";}'
]

$_SERVER = [
    'MIBDIRS' => 'C:/xampp/php/extras/mibs'
    'MYSQL_HOME' => '\\xampp\\mysql\\bin'
    'OPENSSL_CONF' => 'C:/xampp/apache/bin/openssl.cnf'
    'PHP_PEAR_SYSCONF_DIR' => '\\xampp\\php'
    'PHPRC' => '\\xampp\\php'
    'TMP' => '\\xampp\\tmp'
    'HTTP_HOST' => 'localhost'
    'HTTP_CONNECTION' => 'keep-alive'
    'HTTP_ACCEPT' => 'text/html,application/xhtml+xml,application/xml;q=0.9,image/webp,*/*;q=0.8'
    'HTTP_UPGRADE_INSECURE_REQUESTS' => '1'
    'HTTP_USER_AGENT' => 'Mozilla/5.0 (Windows NT 10.0; WOW64) AppleWebKit/537.36 (KHTML, like Gecko) Chrome/49.0.2623.112 Safari/537.36'
    'HTTP_REFERER' => 'http://localhost/boigalera_/web/index.php?r=site'
    'HTTP_ACCEPT_ENCODING' => 'gzip, deflate, sdch'
    'HTTP_ACCEPT_LANGUAGE' => 'pt-BR,pt;q=0.8,en-US;q=0.6,en;q=0.4'
    'HTTP_COOKIE' => 'G_AUTHUSER_H=0; PHPSESSID=dmlijd3ktvtqor20oa8v15lkh1; _identity=32739949191ded2ba1fd4a4176c69c6d306f27493df8d1613760e4c28d139a19a%3A2%3A%7Bi%3A0%3Bs%3A9%3A%22_identity%22%3Bi%3A1%3Bs%3A46%3A%22%5B8%2C%22wJILJvCAwtYCoUxFA7sQUwzW-jqmIjNJ%22%2C2592000%5D%22%3B%7D; _csrf=7307c6dded5704e46166b6b20267fcd027d3a5faa49373e91e9f076c953647b2a%3A2%3A%7Bi%3A0%3Bs%3A5%3A%22_csrf%22%3Bi%3A1%3Bs%3A32%3A%22G1TpaY1ksPTEpSCU-z4jTkETUOvG2_0S%22%3B%7D'
    'PATH' => 'C:\\Program Files (x86)\\Intel\\iCLS Client\\;C:\\Program Files\\Intel\\iCLS Client\\;C:\\WINDOWS\\system32;C:\\WINDOWS;C:\\WINDOWS\\System32\\Wbem;C:\\WINDOWS\\System32\\WindowsPowerShell\\v1.0\\;C:\\Program Files (x86)\\Intel\\OpenCL SDK\\2.0\\bin\\x86;C:\\Program Files (x86)\\Intel\\OpenCL SDK\\2.0\\bin\\x64;C:\\Program Files\\Intel\\Intel(R) Management Engine Components\\DAL;C:\\Program Files\\Intel\\Intel(R) Management Engine Components\\IPT;C:\\Program Files (x86)\\Intel\\Intel(R) Management Engine Components\\DAL;C:\\Program Files (x86)\\Intel\\Intel(R) Management Engine Components\\IPT;C:\\Program Files (x86)\\Windows Kits\\8.1\\Windows Performance Toolkit\\;C:\\Program Files\\Microsoft SQL Server\\110\\Tools\\Binn\\;C:\\Program Files (x86)\\Microsoft SDKs\\TypeScript\\1.0\\;C:\\Program Files\\Microsoft SQL Server\\120\\Tools\\Binn\\;C:\\xampp\\php;C:\\ProgramData\\ComposerSetup\\bin;C:\\Program Files\\Java\\jdk1.8.0_05;C:\\Program Files (x86)\\Common Files\\Acronis\\SnapAPI\\;C:\\Program Files\\nodejs\\;C:\\WINDOWS\\system32\\config\\systemprofile\\.dnx\\bin;C:\\Program Files\\Microsoft DNX\\Dnvm\\;C:\\Program Files\\Microsoft SQL Server\\130\\Tools\\Binn\\;C:\\Users\\Usuario\\AppData\\Roaming\\npm'
    'SystemRoot' => 'C:\\WINDOWS'
    'COMSPEC' => 'C:\\WINDOWS\\system32\\cmd.exe'
    'PATHEXT' => '.COM;.EXE;.BAT;.CMD;.VBS;.VBE;.JS;.JSE;.WSF;.WSH;.MSC'
    'WINDIR' => 'C:\\WINDOWS'
    'SERVER_SIGNATURE' => '<address>Apache/2.4.12 (Win32) OpenSSL/1.0.1l PHP/5.6.8 Server at localhost Port 80</address>
'
    'SERVER_SOFTWARE' => 'Apache/2.4.12 (Win32) OpenSSL/1.0.1l PHP/5.6.8'
    'SERVER_NAME' => 'localhost'
    'SERVER_ADDR' => '::1'
    'SERVER_PORT' => '80'
    'REMOTE_ADDR' => '::1'
    'DOCUMENT_ROOT' => 'C:/xampp/htdocs'
    'REQUEST_SCHEME' => 'http'
    'CONTEXT_PREFIX' => ''
    'CONTEXT_DOCUMENT_ROOT' => 'C:/xampp/htdocs'
    'SERVER_ADMIN' => 'postmaster@localhost'
    'SCRIPT_FILENAME' => 'C:/xampp/htdocs/boigalera_/web/index.php'
    'REMOTE_PORT' => '51753'
    'GATEWAY_INTERFACE' => 'CGI/1.1'
    'SERVER_PROTOCOL' => 'HTTP/1.1'
    'REQUEST_METHOD' => 'GET'
    'QUERY_STRING' => 'r=site%2Fview&id=3'
    'REQUEST_URI' => '/boigalera_/web/index.php?r=site%2Fview&id=3'
    'SCRIPT_NAME' => '/boigalera_/web/index.php'
    'PHP_SELF' => '/boigalera_/web/index.php'
    'REQUEST_TIME_FLOAT' => 1461436126.27
    'REQUEST_TIME' => 1461436126
]
2016-04-23 20:29:39 [::1][-][-][error][yii\base\ErrorException:1] exception 'yii\base\ErrorException' with message 'Undefined constant 'app\models\Elemento'' in C:\xampp\htdocs\boigalera_\views\site\index.php:72
Stack trace:
#0 [internal function]: yii\base\ErrorHandler->handleFatalError()
#1 {main}
2016-04-23 20:29:39 [::1][-][-][info][application] $_GET = [
    'r' => 'site/index'
]

$_COOKIE = [
    'G_AUTHUSER_H' => '0'
    'PHPSESSID' => 'dmlijd3ktvtqor20oa8v15lkh1'
    '_identity' => '32739949191ded2ba1fd4a4176c69c6d306f27493df8d1613760e4c28d139a19a:2:{i:0;s:9:\"_identity\";i:1;s:46:\"[8,\"wJILJvCAwtYCoUxFA7sQUwzW-jqmIjNJ\",2592000]\";}'
    '_csrf' => '7307c6dded5704e46166b6b20267fcd027d3a5faa49373e91e9f076c953647b2a:2:{i:0;s:5:\"_csrf\";i:1;s:32:\"G1TpaY1ksPTEpSCU-z4jTkETUOvG2_0S\";}'
]

$_SERVER = [
    'MIBDIRS' => 'C:/xampp/php/extras/mibs'
    'MYSQL_HOME' => '\\xampp\\mysql\\bin'
    'OPENSSL_CONF' => 'C:/xampp/apache/bin/openssl.cnf'
    'PHP_PEAR_SYSCONF_DIR' => '\\xampp\\php'
    'PHPRC' => '\\xampp\\php'
    'TMP' => '\\xampp\\tmp'
    'HTTP_HOST' => 'localhost'
    'HTTP_CONNECTION' => 'keep-alive'
    'HTTP_ACCEPT' => 'text/html,application/xhtml+xml,application/xml;q=0.9,image/webp,*/*;q=0.8'
    'HTTP_UPGRADE_INSECURE_REQUESTS' => '1'
    'HTTP_USER_AGENT' => 'Mozilla/5.0 (Windows NT 10.0; WOW64) AppleWebKit/537.36 (KHTML, like Gecko) Chrome/49.0.2623.112 Safari/537.36'
    'HTTP_REFERER' => 'http://localhost/boigalera_/web/index.php?r=site%2Fabout'
    'HTTP_ACCEPT_ENCODING' => 'gzip, deflate, sdch'
    'HTTP_ACCEPT_LANGUAGE' => 'pt-BR,pt;q=0.8,en-US;q=0.6,en;q=0.4'
    'HTTP_COOKIE' => 'G_AUTHUSER_H=0; PHPSESSID=dmlijd3ktvtqor20oa8v15lkh1; _identity=32739949191ded2ba1fd4a4176c69c6d306f27493df8d1613760e4c28d139a19a%3A2%3A%7Bi%3A0%3Bs%3A9%3A%22_identity%22%3Bi%3A1%3Bs%3A46%3A%22%5B8%2C%22wJILJvCAwtYCoUxFA7sQUwzW-jqmIjNJ%22%2C2592000%5D%22%3B%7D; _csrf=7307c6dded5704e46166b6b20267fcd027d3a5faa49373e91e9f076c953647b2a%3A2%3A%7Bi%3A0%3Bs%3A5%3A%22_csrf%22%3Bi%3A1%3Bs%3A32%3A%22G1TpaY1ksPTEpSCU-z4jTkETUOvG2_0S%22%3B%7D'
    'PATH' => 'C:\\Program Files (x86)\\Intel\\iCLS Client\\;C:\\Program Files\\Intel\\iCLS Client\\;C:\\WINDOWS\\system32;C:\\WINDOWS;C:\\WINDOWS\\System32\\Wbem;C:\\WINDOWS\\System32\\WindowsPowerShell\\v1.0\\;C:\\Program Files (x86)\\Intel\\OpenCL SDK\\2.0\\bin\\x86;C:\\Program Files (x86)\\Intel\\OpenCL SDK\\2.0\\bin\\x64;C:\\Program Files\\Intel\\Intel(R) Management Engine Components\\DAL;C:\\Program Files\\Intel\\Intel(R) Management Engine Components\\IPT;C:\\Program Files (x86)\\Intel\\Intel(R) Management Engine Components\\DAL;C:\\Program Files (x86)\\Intel\\Intel(R) Management Engine Components\\IPT;C:\\Program Files (x86)\\Windows Kits\\8.1\\Windows Performance Toolkit\\;C:\\Program Files\\Microsoft SQL Server\\110\\Tools\\Binn\\;C:\\Program Files (x86)\\Microsoft SDKs\\TypeScript\\1.0\\;C:\\Program Files\\Microsoft SQL Server\\120\\Tools\\Binn\\;C:\\xampp\\php;C:\\ProgramData\\ComposerSetup\\bin;C:\\Program Files\\Java\\jdk1.8.0_05;C:\\Program Files (x86)\\Common Files\\Acronis\\SnapAPI\\;C:\\Program Files\\nodejs\\;C:\\WINDOWS\\system32\\config\\systemprofile\\.dnx\\bin;C:\\Program Files\\Microsoft DNX\\Dnvm\\;C:\\Program Files\\Microsoft SQL Server\\130\\Tools\\Binn\\;C:\\Users\\Usuario\\AppData\\Roaming\\npm'
    'SystemRoot' => 'C:\\WINDOWS'
    'COMSPEC' => 'C:\\WINDOWS\\system32\\cmd.exe'
    'PATHEXT' => '.COM;.EXE;.BAT;.CMD;.VBS;.VBE;.JS;.JSE;.WSF;.WSH;.MSC'
    'WINDIR' => 'C:\\WINDOWS'
    'SERVER_SIGNATURE' => '<address>Apache/2.4.12 (Win32) OpenSSL/1.0.1l PHP/5.6.8 Server at localhost Port 80</address>
'
    'SERVER_SOFTWARE' => 'Apache/2.4.12 (Win32) OpenSSL/1.0.1l PHP/5.6.8'
    'SERVER_NAME' => 'localhost'
    'SERVER_ADDR' => '::1'
    'SERVER_PORT' => '80'
    'REMOTE_ADDR' => '::1'
    'DOCUMENT_ROOT' => 'C:/xampp/htdocs'
    'REQUEST_SCHEME' => 'http'
    'CONTEXT_PREFIX' => ''
    'CONTEXT_DOCUMENT_ROOT' => 'C:/xampp/htdocs'
    'SERVER_ADMIN' => 'postmaster@localhost'
    'SCRIPT_FILENAME' => 'C:/xampp/htdocs/boigalera_/web/index.php'
    'REMOTE_PORT' => '51841'
    'GATEWAY_INTERFACE' => 'CGI/1.1'
    'SERVER_PROTOCOL' => 'HTTP/1.1'
    'REQUEST_METHOD' => 'GET'
    'QUERY_STRING' => 'r=site%2Findex'
    'REQUEST_URI' => '/boigalera_/web/index.php?r=site%2Findex'
    'SCRIPT_NAME' => '/boigalera_/web/index.php'
    'PHP_SELF' => '/boigalera_/web/index.php'
    'REQUEST_TIME_FLOAT' => 1461436179.002
    'REQUEST_TIME' => 1461436179
]
2016-04-23 20:30:26 [::1][-][-][error][yii\base\ErrorException:4] exception 'yii\base\ErrorException' with message 'syntax error, unexpected 'use' (T_USE)' in C:\xampp\htdocs\boigalera_\views\site\index.php:72
Stack trace:
#0 [internal function]: yii\base\ErrorHandler->handleFatalError()
#1 {main}
2016-04-23 20:30:26 [::1][-][-][info][application] $_GET = [
    'r' => 'site/index'
]

$_COOKIE = [
    'G_AUTHUSER_H' => '0'
    'PHPSESSID' => 'dmlijd3ktvtqor20oa8v15lkh1'
    '_identity' => '32739949191ded2ba1fd4a4176c69c6d306f27493df8d1613760e4c28d139a19a:2:{i:0;s:9:\"_identity\";i:1;s:46:\"[8,\"wJILJvCAwtYCoUxFA7sQUwzW-jqmIjNJ\",2592000]\";}'
    '_csrf' => '7307c6dded5704e46166b6b20267fcd027d3a5faa49373e91e9f076c953647b2a:2:{i:0;s:5:\"_csrf\";i:1;s:32:\"G1TpaY1ksPTEpSCU-z4jTkETUOvG2_0S\";}'
]

$_SERVER = [
    'MIBDIRS' => 'C:/xampp/php/extras/mibs'
    'MYSQL_HOME' => '\\xampp\\mysql\\bin'
    'OPENSSL_CONF' => 'C:/xampp/apache/bin/openssl.cnf'
    'PHP_PEAR_SYSCONF_DIR' => '\\xampp\\php'
    'PHPRC' => '\\xampp\\php'
    'TMP' => '\\xampp\\tmp'
    'HTTP_HOST' => 'localhost'
    'HTTP_CONNECTION' => 'keep-alive'
    'HTTP_CACHE_CONTROL' => 'max-age=0'
    'HTTP_ACCEPT' => 'text/html,application/xhtml+xml,application/xml;q=0.9,image/webp,*/*;q=0.8'
    'HTTP_UPGRADE_INSECURE_REQUESTS' => '1'
    'HTTP_USER_AGENT' => 'Mozilla/5.0 (Windows NT 10.0; WOW64) AppleWebKit/537.36 (KHTML, like Gecko) Chrome/49.0.2623.112 Safari/537.36'
    'HTTP_REFERER' => 'http://localhost/boigalera_/web/index.php?r=site%2Fabout'
    'HTTP_ACCEPT_ENCODING' => 'gzip, deflate, sdch'
    'HTTP_ACCEPT_LANGUAGE' => 'pt-BR,pt;q=0.8,en-US;q=0.6,en;q=0.4'
    'HTTP_COOKIE' => 'G_AUTHUSER_H=0; PHPSESSID=dmlijd3ktvtqor20oa8v15lkh1; _identity=32739949191ded2ba1fd4a4176c69c6d306f27493df8d1613760e4c28d139a19a%3A2%3A%7Bi%3A0%3Bs%3A9%3A%22_identity%22%3Bi%3A1%3Bs%3A46%3A%22%5B8%2C%22wJILJvCAwtYCoUxFA7sQUwzW-jqmIjNJ%22%2C2592000%5D%22%3B%7D; _csrf=7307c6dded5704e46166b6b20267fcd027d3a5faa49373e91e9f076c953647b2a%3A2%3A%7Bi%3A0%3Bs%3A5%3A%22_csrf%22%3Bi%3A1%3Bs%3A32%3A%22G1TpaY1ksPTEpSCU-z4jTkETUOvG2_0S%22%3B%7D'
    'PATH' => 'C:\\Program Files (x86)\\Intel\\iCLS Client\\;C:\\Program Files\\Intel\\iCLS Client\\;C:\\WINDOWS\\system32;C:\\WINDOWS;C:\\WINDOWS\\System32\\Wbem;C:\\WINDOWS\\System32\\WindowsPowerShell\\v1.0\\;C:\\Program Files (x86)\\Intel\\OpenCL SDK\\2.0\\bin\\x86;C:\\Program Files (x86)\\Intel\\OpenCL SDK\\2.0\\bin\\x64;C:\\Program Files\\Intel\\Intel(R) Management Engine Components\\DAL;C:\\Program Files\\Intel\\Intel(R) Management Engine Components\\IPT;C:\\Program Files (x86)\\Intel\\Intel(R) Management Engine Components\\DAL;C:\\Program Files (x86)\\Intel\\Intel(R) Management Engine Components\\IPT;C:\\Program Files (x86)\\Windows Kits\\8.1\\Windows Performance Toolkit\\;C:\\Program Files\\Microsoft SQL Server\\110\\Tools\\Binn\\;C:\\Program Files (x86)\\Microsoft SDKs\\TypeScript\\1.0\\;C:\\Program Files\\Microsoft SQL Server\\120\\Tools\\Binn\\;C:\\xampp\\php;C:\\ProgramData\\ComposerSetup\\bin;C:\\Program Files\\Java\\jdk1.8.0_05;C:\\Program Files (x86)\\Common Files\\Acronis\\SnapAPI\\;C:\\Program Files\\nodejs\\;C:\\WINDOWS\\system32\\config\\systemprofile\\.dnx\\bin;C:\\Program Files\\Microsoft DNX\\Dnvm\\;C:\\Program Files\\Microsoft SQL Server\\130\\Tools\\Binn\\;C:\\Users\\Usuario\\AppData\\Roaming\\npm'
    'SystemRoot' => 'C:\\WINDOWS'
    'COMSPEC' => 'C:\\WINDOWS\\system32\\cmd.exe'
    'PATHEXT' => '.COM;.EXE;.BAT;.CMD;.VBS;.VBE;.JS;.JSE;.WSF;.WSH;.MSC'
    'WINDIR' => 'C:\\WINDOWS'
    'SERVER_SIGNATURE' => '<address>Apache/2.4.12 (Win32) OpenSSL/1.0.1l PHP/5.6.8 Server at localhost Port 80</address>
'
    'SERVER_SOFTWARE' => 'Apache/2.4.12 (Win32) OpenSSL/1.0.1l PHP/5.6.8'
    'SERVER_NAME' => 'localhost'
    'SERVER_ADDR' => '::1'
    'SERVER_PORT' => '80'
    'REMOTE_ADDR' => '::1'
    'DOCUMENT_ROOT' => 'C:/xampp/htdocs'
    'REQUEST_SCHEME' => 'http'
    'CONTEXT_PREFIX' => ''
    'CONTEXT_DOCUMENT_ROOT' => 'C:/xampp/htdocs'
    'SERVER_ADMIN' => 'postmaster@localhost'
    'SCRIPT_FILENAME' => 'C:/xampp/htdocs/boigalera_/web/index.php'
    'REMOTE_PORT' => '51853'
    'GATEWAY_INTERFACE' => 'CGI/1.1'
    'SERVER_PROTOCOL' => 'HTTP/1.1'
    'REQUEST_METHOD' => 'GET'
    'QUERY_STRING' => 'r=site%2Findex'
    'REQUEST_URI' => '/boigalera_/web/index.php?r=site%2Findex'
    'SCRIPT_NAME' => '/boigalera_/web/index.php'
    'PHP_SELF' => '/boigalera_/web/index.php'
    'REQUEST_TIME_FLOAT' => 1461436226.585
    'REQUEST_TIME' => 1461436226
]
2016-04-23 20:37:12 [::1][-][-][error][yii\web\HttpException:404] exception 'yii\base\InvalidRouteException' with message 'Unable to resolve the request "Elemento/view".' in C:\xampp\htdocs\boigalera_\vendor\yiisoft\yii2\base\Module.php:461
Stack trace:
#0 C:\xampp\htdocs\boigalera_\vendor\yiisoft\yii2\web\Application.php(84): yii\base\Module->runAction('Elemento/view', Array)
#1 C:\xampp\htdocs\boigalera_\vendor\yiisoft\yii2\base\Application.php(375): yii\web\Application->handleRequest(Object(yii\web\Request))
#2 C:\xampp\htdocs\boigalera_\web\index.php(12): yii\base\Application->run()
#3 {main}

Next exception 'yii\web\NotFoundHttpException' with message 'Página não encontrada.' in C:\xampp\htdocs\boigalera_\vendor\yiisoft\yii2\web\Application.php:96
Stack trace:
#0 C:\xampp\htdocs\boigalera_\vendor\yiisoft\yii2\base\Application.php(375): yii\web\Application->handleRequest(Object(yii\web\Request))
#1 C:\xampp\htdocs\boigalera_\web\index.php(12): yii\base\Application->run()
#2 {main}
2016-04-23 20:37:12 [::1][-][-][info][application] $_GET = [
    'r' => 'Elemento/view'
    'id' => '1'
]

$_COOKIE = [
    'G_AUTHUSER_H' => '0'
    'PHPSESSID' => '706comuvrsimj90h0b2fu0vc22'
    '_identity' => '9057514c16b4c167df3479b3997e8c634480b4afab96f404ade9378c1a2ce91aa:2:{i:0;s:9:\"_identity\";i:1;s:46:\"[7,\"9eCaKXNR-uvHq6fIUpU0n0G7ZF_36nwN\",2592000]\";}'
    '_csrf' => '4c19c5150210eeb87e3914b5cae499676b540b2ed48f51fc7ccaf2b406a2ea11a:2:{i:0;s:5:\"_csrf\";i:1;s:32:\"bFPwFctIe2rXC72YbynOrJIeJ4L0bVlI\";}'
]

$_SERVER = [
    'MIBDIRS' => 'C:/xampp/php/extras/mibs'
    'MYSQL_HOME' => '\\xampp\\mysql\\bin'
    'OPENSSL_CONF' => 'C:/xampp/apache/bin/openssl.cnf'
    'PHP_PEAR_SYSCONF_DIR' => '\\xampp\\php'
    'PHPRC' => '\\xampp\\php'
    'TMP' => '\\xampp\\tmp'
    'HTTP_HOST' => 'localhost'
    'HTTP_CONNECTION' => 'keep-alive'
    'HTTP_ACCEPT' => 'text/html,application/xhtml+xml,application/xml;q=0.9,image/webp,*/*;q=0.8'
    'HTTP_UPGRADE_INSECURE_REQUESTS' => '1'
    'HTTP_USER_AGENT' => 'Mozilla/5.0 (Windows NT 10.0; WOW64) AppleWebKit/537.36 (KHTML, like Gecko) Chrome/49.0.2623.112 Safari/537.36'
    'HTTP_REFERER' => 'http://localhost/boigalera_/web/index.php?r=site%2Findex'
    'HTTP_ACCEPT_ENCODING' => 'gzip, deflate, sdch'
    'HTTP_ACCEPT_LANGUAGE' => 'pt-BR,pt;q=0.8,en-US;q=0.6,en;q=0.4'
    'HTTP_COOKIE' => 'G_AUTHUSER_H=0; PHPSESSID=706comuvrsimj90h0b2fu0vc22; _identity=9057514c16b4c167df3479b3997e8c634480b4afab96f404ade9378c1a2ce91aa%3A2%3A%7Bi%3A0%3Bs%3A9%3A%22_identity%22%3Bi%3A1%3Bs%3A46%3A%22%5B7%2C%229eCaKXNR-uvHq6fIUpU0n0G7ZF_36nwN%22%2C2592000%5D%22%3B%7D; _csrf=4c19c5150210eeb87e3914b5cae499676b540b2ed48f51fc7ccaf2b406a2ea11a%3A2%3A%7Bi%3A0%3Bs%3A5%3A%22_csrf%22%3Bi%3A1%3Bs%3A32%3A%22bFPwFctIe2rXC72YbynOrJIeJ4L0bVlI%22%3B%7D'
    'PATH' => 'C:\\Program Files (x86)\\Intel\\iCLS Client\\;C:\\Program Files\\Intel\\iCLS Client\\;C:\\WINDOWS\\system32;C:\\WINDOWS;C:\\WINDOWS\\System32\\Wbem;C:\\WINDOWS\\System32\\WindowsPowerShell\\v1.0\\;C:\\Program Files (x86)\\Intel\\OpenCL SDK\\2.0\\bin\\x86;C:\\Program Files (x86)\\Intel\\OpenCL SDK\\2.0\\bin\\x64;C:\\Program Files\\Intel\\Intel(R) Management Engine Components\\DAL;C:\\Program Files\\Intel\\Intel(R) Management Engine Components\\IPT;C:\\Program Files (x86)\\Intel\\Intel(R) Management Engine Components\\DAL;C:\\Program Files (x86)\\Intel\\Intel(R) Management Engine Components\\IPT;C:\\Program Files (x86)\\Windows Kits\\8.1\\Windows Performance Toolkit\\;C:\\Program Files\\Microsoft SQL Server\\110\\Tools\\Binn\\;C:\\Program Files (x86)\\Microsoft SDKs\\TypeScript\\1.0\\;C:\\Program Files\\Microsoft SQL Server\\120\\Tools\\Binn\\;C:\\xampp\\php;C:\\ProgramData\\ComposerSetup\\bin;C:\\Program Files\\Java\\jdk1.8.0_05;C:\\Program Files (x86)\\Common Files\\Acronis\\SnapAPI\\;C:\\Program Files\\nodejs\\;C:\\WINDOWS\\system32\\config\\systemprofile\\.dnx\\bin;C:\\Program Files\\Microsoft DNX\\Dnvm\\;C:\\Program Files\\Microsoft SQL Server\\130\\Tools\\Binn\\;C:\\Users\\Usuario\\AppData\\Roaming\\npm'
    'SystemRoot' => 'C:\\WINDOWS'
    'COMSPEC' => 'C:\\WINDOWS\\system32\\cmd.exe'
    'PATHEXT' => '.COM;.EXE;.BAT;.CMD;.VBS;.VBE;.JS;.JSE;.WSF;.WSH;.MSC'
    'WINDIR' => 'C:\\WINDOWS'
    'SERVER_SIGNATURE' => '<address>Apache/2.4.12 (Win32) OpenSSL/1.0.1l PHP/5.6.8 Server at localhost Port 80</address>
'
    'SERVER_SOFTWARE' => 'Apache/2.4.12 (Win32) OpenSSL/1.0.1l PHP/5.6.8'
    'SERVER_NAME' => 'localhost'
    'SERVER_ADDR' => '::1'
    'SERVER_PORT' => '80'
    'REMOTE_ADDR' => '::1'
    'DOCUMENT_ROOT' => 'C:/xampp/htdocs'
    'REQUEST_SCHEME' => 'http'
    'CONTEXT_PREFIX' => ''
    'CONTEXT_DOCUMENT_ROOT' => 'C:/xampp/htdocs'
    'SERVER_ADMIN' => 'postmaster@localhost'
    'SCRIPT_FILENAME' => 'C:/xampp/htdocs/boigalera_/web/index.php'
    'REMOTE_PORT' => '52066'
    'GATEWAY_INTERFACE' => 'CGI/1.1'
    'SERVER_PROTOCOL' => 'HTTP/1.1'
    'REQUEST_METHOD' => 'GET'
    'QUERY_STRING' => 'r=Elemento%2Fview&id=1'
    'REQUEST_URI' => '/boigalera_/web/index.php?r=Elemento%2Fview&id=1'
    'SCRIPT_NAME' => '/boigalera_/web/index.php'
    'PHP_SELF' => '/boigalera_/web/index.php'
    'REQUEST_TIME_FLOAT' => 1461436632.195
    'REQUEST_TIME' => 1461436632
]
2016-04-23 20:38:03 [::1][-][-][error][yii\web\HttpException:404] exception 'yii\base\InvalidRouteException' with message 'Unable to resolve the request "Elemento/view".' in C:\xampp\htdocs\boigalera_\vendor\yiisoft\yii2\base\Module.php:461
Stack trace:
#0 C:\xampp\htdocs\boigalera_\vendor\yiisoft\yii2\web\Application.php(84): yii\base\Module->runAction('Elemento/view', Array)
#1 C:\xampp\htdocs\boigalera_\vendor\yiisoft\yii2\base\Application.php(375): yii\web\Application->handleRequest(Object(yii\web\Request))
#2 C:\xampp\htdocs\boigalera_\web\index.php(12): yii\base\Application->run()
#3 {main}

Next exception 'yii\web\NotFoundHttpException' with message 'Página não encontrada.' in C:\xampp\htdocs\boigalera_\vendor\yiisoft\yii2\web\Application.php:96
Stack trace:
#0 C:\xampp\htdocs\boigalera_\vendor\yiisoft\yii2\base\Application.php(375): yii\web\Application->handleRequest(Object(yii\web\Request))
#1 C:\xampp\htdocs\boigalera_\web\index.php(12): yii\base\Application->run()
#2 {main}
2016-04-23 20:38:03 [::1][-][-][info][application] $_GET = [
    'r' => 'Elemento/view'
    'id' => '1'
]

$_COOKIE = [
    'G_AUTHUSER_H' => '0'
    'PHPSESSID' => '706comuvrsimj90h0b2fu0vc22'
    '_identity' => '9057514c16b4c167df3479b3997e8c634480b4afab96f404ade9378c1a2ce91aa:2:{i:0;s:9:\"_identity\";i:1;s:46:\"[7,\"9eCaKXNR-uvHq6fIUpU0n0G7ZF_36nwN\",2592000]\";}'
    '_csrf' => '984e9a59ae318617865043f533bb028c57ea287b6a36bc6c2affea48eccc27cca:2:{i:0;s:5:\"_csrf\";i:1;s:32:\"BKxG2sLX6LAfZzWr_d0HCv6izOFPubSr\";}'
]

$_SERVER = [
    'MIBDIRS' => 'C:/xampp/php/extras/mibs'
    'MYSQL_HOME' => '\\xampp\\mysql\\bin'
    'OPENSSL_CONF' => 'C:/xampp/apache/bin/openssl.cnf'
    'PHP_PEAR_SYSCONF_DIR' => '\\xampp\\php'
    'PHPRC' => '\\xampp\\php'
    'TMP' => '\\xampp\\tmp'
    'HTTP_HOST' => 'localhost'
    'HTTP_CONNECTION' => 'keep-alive'
    'HTTP_ACCEPT' => 'text/html,application/xhtml+xml,application/xml;q=0.9,image/webp,*/*;q=0.8'
    'HTTP_UPGRADE_INSECURE_REQUESTS' => '1'
    'HTTP_USER_AGENT' => 'Mozilla/5.0 (Windows NT 10.0; WOW64) AppleWebKit/537.36 (KHTML, like Gecko) Chrome/49.0.2623.112 Safari/537.36'
    'HTTP_REFERER' => 'http://localhost/boigalera_/web/index.php?r=site%2Findex'
    'HTTP_ACCEPT_ENCODING' => 'gzip, deflate, sdch'
    'HTTP_ACCEPT_LANGUAGE' => 'pt-BR,pt;q=0.8,en-US;q=0.6,en;q=0.4'
    'HTTP_COOKIE' => 'G_AUTHUSER_H=0; PHPSESSID=706comuvrsimj90h0b2fu0vc22; _identity=9057514c16b4c167df3479b3997e8c634480b4afab96f404ade9378c1a2ce91aa%3A2%3A%7Bi%3A0%3Bs%3A9%3A%22_identity%22%3Bi%3A1%3Bs%3A46%3A%22%5B7%2C%229eCaKXNR-uvHq6fIUpU0n0G7ZF_36nwN%22%2C2592000%5D%22%3B%7D; _csrf=984e9a59ae318617865043f533bb028c57ea287b6a36bc6c2affea48eccc27cca%3A2%3A%7Bi%3A0%3Bs%3A5%3A%22_csrf%22%3Bi%3A1%3Bs%3A32%3A%22BKxG2sLX6LAfZzWr_d0HCv6izOFPubSr%22%3B%7D'
    'PATH' => 'C:\\Program Files (x86)\\Intel\\iCLS Client\\;C:\\Program Files\\Intel\\iCLS Client\\;C:\\WINDOWS\\system32;C:\\WINDOWS;C:\\WINDOWS\\System32\\Wbem;C:\\WINDOWS\\System32\\WindowsPowerShell\\v1.0\\;C:\\Program Files (x86)\\Intel\\OpenCL SDK\\2.0\\bin\\x86;C:\\Program Files (x86)\\Intel\\OpenCL SDK\\2.0\\bin\\x64;C:\\Program Files\\Intel\\Intel(R) Management Engine Components\\DAL;C:\\Program Files\\Intel\\Intel(R) Management Engine Components\\IPT;C:\\Program Files (x86)\\Intel\\Intel(R) Management Engine Components\\DAL;C:\\Program Files (x86)\\Intel\\Intel(R) Management Engine Components\\IPT;C:\\Program Files (x86)\\Windows Kits\\8.1\\Windows Performance Toolkit\\;C:\\Program Files\\Microsoft SQL Server\\110\\Tools\\Binn\\;C:\\Program Files (x86)\\Microsoft SDKs\\TypeScript\\1.0\\;C:\\Program Files\\Microsoft SQL Server\\120\\Tools\\Binn\\;C:\\xampp\\php;C:\\ProgramData\\ComposerSetup\\bin;C:\\Program Files\\Java\\jdk1.8.0_05;C:\\Program Files (x86)\\Common Files\\Acronis\\SnapAPI\\;C:\\Program Files\\nodejs\\;C:\\WINDOWS\\system32\\config\\systemprofile\\.dnx\\bin;C:\\Program Files\\Microsoft DNX\\Dnvm\\;C:\\Program Files\\Microsoft SQL Server\\130\\Tools\\Binn\\;C:\\Users\\Usuario\\AppData\\Roaming\\npm'
    'SystemRoot' => 'C:\\WINDOWS'
    'COMSPEC' => 'C:\\WINDOWS\\system32\\cmd.exe'
    'PATHEXT' => '.COM;.EXE;.BAT;.CMD;.VBS;.VBE;.JS;.JSE;.WSF;.WSH;.MSC'
    'WINDIR' => 'C:\\WINDOWS'
    'SERVER_SIGNATURE' => '<address>Apache/2.4.12 (Win32) OpenSSL/1.0.1l PHP/5.6.8 Server at localhost Port 80</address>
'
    'SERVER_SOFTWARE' => 'Apache/2.4.12 (Win32) OpenSSL/1.0.1l PHP/5.6.8'
    'SERVER_NAME' => 'localhost'
    'SERVER_ADDR' => '::1'
    'SERVER_PORT' => '80'
    'REMOTE_ADDR' => '::1'
    'DOCUMENT_ROOT' => 'C:/xampp/htdocs'
    'REQUEST_SCHEME' => 'http'
    'CONTEXT_PREFIX' => ''
    'CONTEXT_DOCUMENT_ROOT' => 'C:/xampp/htdocs'
    'SERVER_ADMIN' => 'postmaster@localhost'
    'SCRIPT_FILENAME' => 'C:/xampp/htdocs/boigalera_/web/index.php'
    'REMOTE_PORT' => '52110'
    'GATEWAY_INTERFACE' => 'CGI/1.1'
    'SERVER_PROTOCOL' => 'HTTP/1.1'
    'REQUEST_METHOD' => 'GET'
    'QUERY_STRING' => 'r=Elemento%2Fview&id=1'
    'REQUEST_URI' => '/boigalera_/web/index.php?r=Elemento%2Fview&id=1'
    'SCRIPT_NAME' => '/boigalera_/web/index.php'
    'PHP_SELF' => '/boigalera_/web/index.php'
    'REQUEST_TIME_FLOAT' => 1461436683.027
    'REQUEST_TIME' => 1461436683
]
2016-04-23 20:39:23 [::1][-][-][error][yii\web\HttpException:404] exception 'yii\base\InvalidRouteException' with message 'Unable to resolve the request "Elemento/view".' in C:\xampp\htdocs\boigalera_\vendor\yiisoft\yii2\base\Module.php:461
Stack trace:
#0 C:\xampp\htdocs\boigalera_\vendor\yiisoft\yii2\web\Application.php(84): yii\base\Module->runAction('Elemento/view', Array)
#1 C:\xampp\htdocs\boigalera_\vendor\yiisoft\yii2\base\Application.php(375): yii\web\Application->handleRequest(Object(yii\web\Request))
#2 C:\xampp\htdocs\boigalera_\web\index.php(12): yii\base\Application->run()
#3 {main}

Next exception 'yii\web\NotFoundHttpException' with message 'Página não encontrada.' in C:\xampp\htdocs\boigalera_\vendor\yiisoft\yii2\web\Application.php:96
Stack trace:
#0 C:\xampp\htdocs\boigalera_\vendor\yiisoft\yii2\base\Application.php(375): yii\web\Application->handleRequest(Object(yii\web\Request))
#1 C:\xampp\htdocs\boigalera_\web\index.php(12): yii\base\Application->run()
#2 {main}
2016-04-23 20:39:23 [::1][-][-][info][application] $_GET = [
    'r' => 'Elemento/view'
    'id' => '1'
]

$_COOKIE = [
    'G_AUTHUSER_H' => '0'
    'PHPSESSID' => '706comuvrsimj90h0b2fu0vc22'
    '_identity' => '9057514c16b4c167df3479b3997e8c634480b4afab96f404ade9378c1a2ce91aa:2:{i:0;s:9:\"_identity\";i:1;s:46:\"[7,\"9eCaKXNR-uvHq6fIUpU0n0G7ZF_36nwN\",2592000]\";}'
    '_csrf' => '2feae6a318c011d0ba79b6236a22487ac6783079e3d45d3019c3a12ccd516b8ca:2:{i:0;s:5:\"_csrf\";i:1;s:32:\"9NLX10fXb5VM5pGRjHORbEa6riOWBYm_\";}'
]

$_SERVER = [
    'MIBDIRS' => 'C:/xampp/php/extras/mibs'
    'MYSQL_HOME' => '\\xampp\\mysql\\bin'
    'OPENSSL_CONF' => 'C:/xampp/apache/bin/openssl.cnf'
    'PHP_PEAR_SYSCONF_DIR' => '\\xampp\\php'
    'PHPRC' => '\\xampp\\php'
    'TMP' => '\\xampp\\tmp'
    'HTTP_HOST' => 'localhost'
    'HTTP_CONNECTION' => 'keep-alive'
    'HTTP_ACCEPT' => 'text/html,application/xhtml+xml,application/xml;q=0.9,image/webp,*/*;q=0.8'
    'HTTP_UPGRADE_INSECURE_REQUESTS' => '1'
    'HTTP_USER_AGENT' => 'Mozilla/5.0 (Windows NT 10.0; WOW64) AppleWebKit/537.36 (KHTML, like Gecko) Chrome/49.0.2623.112 Safari/537.36'
    'HTTP_REFERER' => 'http://localhost/boigalera_/web/index.php?r=site%2Findex'
    'HTTP_ACCEPT_ENCODING' => 'gzip, deflate, sdch'
    'HTTP_ACCEPT_LANGUAGE' => 'pt-BR,pt;q=0.8,en-US;q=0.6,en;q=0.4'
    'HTTP_COOKIE' => 'G_AUTHUSER_H=0; PHPSESSID=706comuvrsimj90h0b2fu0vc22; _identity=9057514c16b4c167df3479b3997e8c634480b4afab96f404ade9378c1a2ce91aa%3A2%3A%7Bi%3A0%3Bs%3A9%3A%22_identity%22%3Bi%3A1%3Bs%3A46%3A%22%5B7%2C%229eCaKXNR-uvHq6fIUpU0n0G7ZF_36nwN%22%2C2592000%5D%22%3B%7D; _csrf=2feae6a318c011d0ba79b6236a22487ac6783079e3d45d3019c3a12ccd516b8ca%3A2%3A%7Bi%3A0%3Bs%3A5%3A%22_csrf%22%3Bi%3A1%3Bs%3A32%3A%229NLX10fXb5VM5pGRjHORbEa6riOWBYm_%22%3B%7D'
    'PATH' => 'C:\\Program Files (x86)\\Intel\\iCLS Client\\;C:\\Program Files\\Intel\\iCLS Client\\;C:\\WINDOWS\\system32;C:\\WINDOWS;C:\\WINDOWS\\System32\\Wbem;C:\\WINDOWS\\System32\\WindowsPowerShell\\v1.0\\;C:\\Program Files (x86)\\Intel\\OpenCL SDK\\2.0\\bin\\x86;C:\\Program Files (x86)\\Intel\\OpenCL SDK\\2.0\\bin\\x64;C:\\Program Files\\Intel\\Intel(R) Management Engine Components\\DAL;C:\\Program Files\\Intel\\Intel(R) Management Engine Components\\IPT;C:\\Program Files (x86)\\Intel\\Intel(R) Management Engine Components\\DAL;C:\\Program Files (x86)\\Intel\\Intel(R) Management Engine Components\\IPT;C:\\Program Files (x86)\\Windows Kits\\8.1\\Windows Performance Toolkit\\;C:\\Program Files\\Microsoft SQL Server\\110\\Tools\\Binn\\;C:\\Program Files (x86)\\Microsoft SDKs\\TypeScript\\1.0\\;C:\\Program Files\\Microsoft SQL Server\\120\\Tools\\Binn\\;C:\\xampp\\php;C:\\ProgramData\\ComposerSetup\\bin;C:\\Program Files\\Java\\jdk1.8.0_05;C:\\Program Files (x86)\\Common Files\\Acronis\\SnapAPI\\;C:\\Program Files\\nodejs\\;C:\\WINDOWS\\system32\\config\\systemprofile\\.dnx\\bin;C:\\Program Files\\Microsoft DNX\\Dnvm\\;C:\\Program Files\\Microsoft SQL Server\\130\\Tools\\Binn\\;C:\\Users\\Usuario\\AppData\\Roaming\\npm'
    'SystemRoot' => 'C:\\WINDOWS'
    'COMSPEC' => 'C:\\WINDOWS\\system32\\cmd.exe'
    'PATHEXT' => '.COM;.EXE;.BAT;.CMD;.VBS;.VBE;.JS;.JSE;.WSF;.WSH;.MSC'
    'WINDIR' => 'C:\\WINDOWS'
    'SERVER_SIGNATURE' => '<address>Apache/2.4.12 (Win32) OpenSSL/1.0.1l PHP/5.6.8 Server at localhost Port 80</address>
'
    'SERVER_SOFTWARE' => 'Apache/2.4.12 (Win32) OpenSSL/1.0.1l PHP/5.6.8'
    'SERVER_NAME' => 'localhost'
    'SERVER_ADDR' => '::1'
    'SERVER_PORT' => '80'
    'REMOTE_ADDR' => '::1'
    'DOCUMENT_ROOT' => 'C:/xampp/htdocs'
    'REQUEST_SCHEME' => 'http'
    'CONTEXT_PREFIX' => ''
    'CONTEXT_DOCUMENT_ROOT' => 'C:/xampp/htdocs'
    'SERVER_ADMIN' => 'postmaster@localhost'
    'SCRIPT_FILENAME' => 'C:/xampp/htdocs/boigalera_/web/index.php'
    'REMOTE_PORT' => '52196'
    'GATEWAY_INTERFACE' => 'CGI/1.1'
    'SERVER_PROTOCOL' => 'HTTP/1.1'
    'REQUEST_METHOD' => 'GET'
    'QUERY_STRING' => 'r=Elemento%2Fview&id=1'
    'REQUEST_URI' => '/boigalera_/web/index.php?r=Elemento%2Fview&id=1'
    'SCRIPT_NAME' => '/boigalera_/web/index.php'
    'PHP_SELF' => '/boigalera_/web/index.php'
    'REQUEST_TIME_FLOAT' => 1461436763.29
    'REQUEST_TIME' => 1461436763
]
2016-04-23 20:40:31 [::1][-][-][error][yii\web\HttpException:404] exception 'yii\base\InvalidRouteException' with message 'Unable to resolve the request "Elemento/view".' in C:\xampp\htdocs\boigalera_\vendor\yiisoft\yii2\base\Module.php:461
Stack trace:
#0 C:\xampp\htdocs\boigalera_\vendor\yiisoft\yii2\web\Application.php(84): yii\base\Module->runAction('Elemento/view', Array)
#1 C:\xampp\htdocs\boigalera_\vendor\yiisoft\yii2\base\Application.php(375): yii\web\Application->handleRequest(Object(yii\web\Request))
#2 C:\xampp\htdocs\boigalera_\web\index.php(12): yii\base\Application->run()
#3 {main}

Next exception 'yii\web\NotFoundHttpException' with message 'Página não encontrada.' in C:\xampp\htdocs\boigalera_\vendor\yiisoft\yii2\web\Application.php:96
Stack trace:
#0 C:\xampp\htdocs\boigalera_\vendor\yiisoft\yii2\base\Application.php(375): yii\web\Application->handleRequest(Object(yii\web\Request))
#1 C:\xampp\htdocs\boigalera_\web\index.php(12): yii\base\Application->run()
#2 {main}
2016-04-23 20:40:31 [::1][-][-][info][application] $_GET = [
    'r' => 'Elemento/view'
    'id' => '1'
]

$_COOKIE = [
    'G_AUTHUSER_H' => '0'
    'PHPSESSID' => '706comuvrsimj90h0b2fu0vc22'
    '_identity' => '9057514c16b4c167df3479b3997e8c634480b4afab96f404ade9378c1a2ce91aa:2:{i:0;s:9:\"_identity\";i:1;s:46:\"[7,\"9eCaKXNR-uvHq6fIUpU0n0G7ZF_36nwN\",2592000]\";}'
    '_csrf' => '2feae6a318c011d0ba79b6236a22487ac6783079e3d45d3019c3a12ccd516b8ca:2:{i:0;s:5:\"_csrf\";i:1;s:32:\"9NLX10fXb5VM5pGRjHORbEa6riOWBYm_\";}'
]

$_SERVER = [
    'MIBDIRS' => 'C:/xampp/php/extras/mibs'
    'MYSQL_HOME' => '\\xampp\\mysql\\bin'
    'OPENSSL_CONF' => 'C:/xampp/apache/bin/openssl.cnf'
    'PHP_PEAR_SYSCONF_DIR' => '\\xampp\\php'
    'PHPRC' => '\\xampp\\php'
    'TMP' => '\\xampp\\tmp'
    'HTTP_HOST' => 'localhost'
    'HTTP_CONNECTION' => 'keep-alive'
    'HTTP_ACCEPT' => 'text/html,application/xhtml+xml,application/xml;q=0.9,image/webp,*/*;q=0.8'
    'HTTP_UPGRADE_INSECURE_REQUESTS' => '1'
    'HTTP_USER_AGENT' => 'Mozilla/5.0 (Windows NT 10.0; WOW64) AppleWebKit/537.36 (KHTML, like Gecko) Chrome/49.0.2623.112 Safari/537.36'
    'HTTP_REFERER' => 'http://localhost/boigalera_/web/index.php?r=site%2Findex'
    'HTTP_ACCEPT_ENCODING' => 'gzip, deflate, sdch'
    'HTTP_ACCEPT_LANGUAGE' => 'pt-BR,pt;q=0.8,en-US;q=0.6,en;q=0.4'
    'HTTP_COOKIE' => 'G_AUTHUSER_H=0; PHPSESSID=706comuvrsimj90h0b2fu0vc22; _identity=9057514c16b4c167df3479b3997e8c634480b4afab96f404ade9378c1a2ce91aa%3A2%3A%7Bi%3A0%3Bs%3A9%3A%22_identity%22%3Bi%3A1%3Bs%3A46%3A%22%5B7%2C%229eCaKXNR-uvHq6fIUpU0n0G7ZF_36nwN%22%2C2592000%5D%22%3B%7D; _csrf=2feae6a318c011d0ba79b6236a22487ac6783079e3d45d3019c3a12ccd516b8ca%3A2%3A%7Bi%3A0%3Bs%3A5%3A%22_csrf%22%3Bi%3A1%3Bs%3A32%3A%229NLX10fXb5VM5pGRjHORbEa6riOWBYm_%22%3B%7D'
    'PATH' => 'C:\\Program Files (x86)\\Intel\\iCLS Client\\;C:\\Program Files\\Intel\\iCLS Client\\;C:\\WINDOWS\\system32;C:\\WINDOWS;C:\\WINDOWS\\System32\\Wbem;C:\\WINDOWS\\System32\\WindowsPowerShell\\v1.0\\;C:\\Program Files (x86)\\Intel\\OpenCL SDK\\2.0\\bin\\x86;C:\\Program Files (x86)\\Intel\\OpenCL SDK\\2.0\\bin\\x64;C:\\Program Files\\Intel\\Intel(R) Management Engine Components\\DAL;C:\\Program Files\\Intel\\Intel(R) Management Engine Components\\IPT;C:\\Program Files (x86)\\Intel\\Intel(R) Management Engine Components\\DAL;C:\\Program Files (x86)\\Intel\\Intel(R) Management Engine Components\\IPT;C:\\Program Files (x86)\\Windows Kits\\8.1\\Windows Performance Toolkit\\;C:\\Program Files\\Microsoft SQL Server\\110\\Tools\\Binn\\;C:\\Program Files (x86)\\Microsoft SDKs\\TypeScript\\1.0\\;C:\\Program Files\\Microsoft SQL Server\\120\\Tools\\Binn\\;C:\\xampp\\php;C:\\ProgramData\\ComposerSetup\\bin;C:\\Program Files\\Java\\jdk1.8.0_05;C:\\Program Files (x86)\\Common Files\\Acronis\\SnapAPI\\;C:\\Program Files\\nodejs\\;C:\\WINDOWS\\system32\\config\\systemprofile\\.dnx\\bin;C:\\Program Files\\Microsoft DNX\\Dnvm\\;C:\\Program Files\\Microsoft SQL Server\\130\\Tools\\Binn\\;C:\\Users\\Usuario\\AppData\\Roaming\\npm'
    'SystemRoot' => 'C:\\WINDOWS'
    'COMSPEC' => 'C:\\WINDOWS\\system32\\cmd.exe'
    'PATHEXT' => '.COM;.EXE;.BAT;.CMD;.VBS;.VBE;.JS;.JSE;.WSF;.WSH;.MSC'
    'WINDIR' => 'C:\\WINDOWS'
    'SERVER_SIGNATURE' => '<address>Apache/2.4.12 (Win32) OpenSSL/1.0.1l PHP/5.6.8 Server at localhost Port 80</address>
'
    'SERVER_SOFTWARE' => 'Apache/2.4.12 (Win32) OpenSSL/1.0.1l PHP/5.6.8'
    'SERVER_NAME' => 'localhost'
    'SERVER_ADDR' => '::1'
    'SERVER_PORT' => '80'
    'REMOTE_ADDR' => '::1'
    'DOCUMENT_ROOT' => 'C:/xampp/htdocs'
    'REQUEST_SCHEME' => 'http'
    'CONTEXT_PREFIX' => ''
    'CONTEXT_DOCUMENT_ROOT' => 'C:/xampp/htdocs'
    'SERVER_ADMIN' => 'postmaster@localhost'
    'SCRIPT_FILENAME' => 'C:/xampp/htdocs/boigalera_/web/index.php'
    'REMOTE_PORT' => '52205'
    'GATEWAY_INTERFACE' => 'CGI/1.1'
    'SERVER_PROTOCOL' => 'HTTP/1.1'
    'REQUEST_METHOD' => 'GET'
    'QUERY_STRING' => 'r=Elemento%2Fview&id=1'
    'REQUEST_URI' => '/boigalera_/web/index.php?r=Elemento%2Fview&id=1'
    'SCRIPT_NAME' => '/boigalera_/web/index.php'
    'PHP_SELF' => '/boigalera_/web/index.php'
    'REQUEST_TIME_FLOAT' => 1461436831.348
    'REQUEST_TIME' => 1461436831
]
